<?xml version="1.0" encoding="UTF-8"?>
<TestRun id="466f136a-1c1c-49cc-b0c6-443160fbdc10" name="Administrator@LENOVO-8CF3EC03 2012-04-19 22:26:53" runUser="LENOVO-8CF3EC03\Administrator" xmlns="http://microsoft.com/schemas/VisualStudio/TeamTest/2010">
  <TestSettings name="本地" id="1702ca55-b2e6-4c19-a36c-a2c662bf31bb">
    <Description>这些设置为本地测试运行的默认测试设置。</Description>
    <Deployment enabled="false" runDeploymentRoot="Administrator_LENOVO-8CF3EC03 2012-04-19 22_26_53">
      <DeploymentItem filename="c:\Documents and Settings\Administrator\My Documents\Visual Studio 2010\Projects\long\long\bin\Debug\@long.exe" />
    </Deployment>
    <Execution>
      <TestTypeSpecific />
      <AgentRule name="Execution Agents">
      </AgentRule>
    </Execution>
  </TestSettings>
  <Times creation="2012-04-19T22:26:53.9843750+08:00" queuing="2012-04-19T22:26:54.7968750+08:00" start="2012-04-19T22:26:54.8125000+08:00" finish="2012-04-19T22:26:55.5781250+08:00" />
  <ResultSummary outcome="Failed">
    <Counters total="10" executed="10" passed="4" error="0" failed="6" timeout="0" aborted="0" inconclusive="0" passedButRunAborted="0" notRunnable="0" notExecuted="0" disconnected="0" warning="0" completed="0" inProgress="0" pending="0" />
  </ResultSummary>
  <TestDefinitions>
    <UnitTest name="TestSimpleFrameAfterSpare" storage="c:\documents and settings\administrator\my documents\visual studio 2010\projects\long\longtest\bin\debug\longtest.dll" id="e0c2c34b-1f3c-d094-2f2a-8ad3016ece9b">
      <Execution id="2ad7fe24-036b-41ea-b19c-50527ed35ce4" />
      <TestMethod codeBase="c:/Documents and Settings/Administrator/My Documents/Visual Studio 2010/Projects/long/longTest/bin/Debug/longTest.DLL" adapterTypeName="Microsoft.VisualStudio.TestTools.TestTypes.Unit.UnitTestAdapter, Microsoft.VisualStudio.QualityTools.Tips.UnitTest.Adapter, Version=10.0.0.0, Culture=neutral, PublicKeyToken=b03f5f7f11d50a3a" className="longTest.gameTest, longTest, Version=1.0.0.0, Culture=neutral, PublicKeyToken=null" name="TestSimpleFrameAfterSpare" />
    </UnitTest>
    <UnitTest name="TestFourThrowsNoMark" storage="c:\documents and settings\administrator\my documents\visual studio 2010\projects\long\longtest\bin\debug\longtest.dll" id="a3d98fb8-a6b1-c0c0-4afb-04520b9ab21a">
      <Execution id="d66b6b06-c31d-4cf9-ba79-5da339637ae0" />
      <TestMethod codeBase="c:/Documents and Settings/Administrator/My Documents/Visual Studio 2010/Projects/long/longTest/bin/Debug/longTest.DLL" adapterTypeName="Microsoft.VisualStudio.TestTools.TestTypes.Unit.UnitTestAdapter, Microsoft.VisualStudio.QualityTools.Tips.UnitTest.Adapter, Version=10.0.0.0, Culture=neutral, PublicKeyToken=b03f5f7f11d50a3a" className="longTest.gameTest, longTest, Version=1.0.0.0, Culture=neutral, PublicKeyToken=null" name="TestFourThrowsNoMark" />
    </UnitTest>
    <UnitTest name="TestTwoThrowsNoMark" storage="c:\documents and settings\administrator\my documents\visual studio 2010\projects\long\longtest\bin\debug\longtest.dll" id="24c67a76-bbe9-4fc1-be19-cf6bbf6ff5fa">
      <Execution id="3069a1c4-a36d-4ca6-aa37-43ffdbfd9d3c" />
      <TestMethod codeBase="c:/Documents and Settings/Administrator/My Documents/Visual Studio 2010/Projects/long/longTest/bin/Debug/longTest.DLL" adapterTypeName="Microsoft.VisualStudio.TestTools.TestTypes.Unit.UnitTestAdapter, Microsoft.VisualStudio.QualityTools.Tips.UnitTest.Adapter, Version=10.0.0.0, Culture=neutral, PublicKeyToken=b03f5f7f11d50a3a" className="longTest.gameTest, longTest, Version=1.0.0.0, Culture=neutral, PublicKeyToken=null" name="TestTwoThrowsNoMark" />
    </UnitTest>
    <UnitTest name="TestTenthFrameSpare" storage="c:\documents and settings\administrator\my documents\visual studio 2010\projects\long\longtest\bin\debug\longtest.dll" id="5a2bc9d9-9ed0-92a0-cda0-1f803901bc5c">
      <Execution id="4421f49a-26a8-4b65-b123-1e04fb01a8cf" />
      <TestMethod codeBase="c:/Documents and Settings/Administrator/My Documents/Visual Studio 2010/Projects/long/longTest/bin/Debug/longTest.DLL" adapterTypeName="Microsoft.VisualStudio.TestTools.TestTypes.Unit.UnitTestAdapter, Microsoft.VisualStudio.QualityTools.Tips.UnitTest.Adapter, Version=10.0.0.0, Culture=neutral, PublicKeyToken=b03f5f7f11d50a3a" className="longTest.gameTest, longTest, Version=1.0.0.0, Culture=neutral, PublicKeyToken=null" name="TestTenthFrameSpare" />
    </UnitTest>
    <UnitTest name="TestPerfectGame" storage="c:\documents and settings\administrator\my documents\visual studio 2010\projects\long\longtest\bin\debug\longtest.dll" id="9d4683a2-462d-019c-ab2c-815c4e464c69">
      <Execution id="e7ae0985-4c2a-4053-a5f7-bcef23b6ee43" />
      <TestMethod codeBase="c:/Documents and Settings/Administrator/My Documents/Visual Studio 2010/Projects/long/longTest/bin/Debug/longTest.DLL" adapterTypeName="Microsoft.VisualStudio.TestTools.TestTypes.Unit.UnitTestAdapter, Microsoft.VisualStudio.QualityTools.Tips.UnitTest.Adapter, Version=10.0.0.0, Culture=neutral, PublicKeyToken=b03f5f7f11d50a3a" className="longTest.gameTest, longTest, Version=1.0.0.0, Culture=neutral, PublicKeyToken=null" name="TestPerfectGame" />
    </UnitTest>
    <UnitTest name="TesHeartBreak" storage="c:\documents and settings\administrator\my documents\visual studio 2010\projects\long\longtest\bin\debug\longtest.dll" id="f433bf28-b2e4-a98d-0c8b-bcecec262ca6">
      <Execution id="c8e5bd26-75e6-4a2a-8fc4-85f0adbf518d" />
      <TestMethod codeBase="c:/Documents and Settings/Administrator/My Documents/Visual Studio 2010/Projects/long/longTest/bin/Debug/longTest.DLL" adapterTypeName="Microsoft.VisualStudio.TestTools.TestTypes.Unit.UnitTestAdapter, Microsoft.VisualStudio.QualityTools.Tips.UnitTest.Adapter, Version=10.0.0.0, Culture=neutral, PublicKeyToken=b03f5f7f11d50a3a" className="longTest.gameTest, longTest, Version=1.0.0.0, Culture=neutral, PublicKeyToken=null" name="TesHeartBreak" />
    </UnitTest>
    <UnitTest name="TestSampleGame" storage="c:\documents and settings\administrator\my documents\visual studio 2010\projects\long\longtest\bin\debug\longtest.dll" id="09c7ec2e-1330-24e5-f0fd-255e33ad0c37">
      <Execution id="bf6ba6ba-7e72-42ba-bccf-0a62c3e29b9e" />
      <TestMethod codeBase="c:/Documents and Settings/Administrator/My Documents/Visual Studio 2010/Projects/long/longTest/bin/Debug/longTest.DLL" adapterTypeName="Microsoft.VisualStudio.TestTools.TestTypes.Unit.UnitTestAdapter, Microsoft.VisualStudio.QualityTools.Tips.UnitTest.Adapter, Version=10.0.0.0, Culture=neutral, PublicKeyToken=b03f5f7f11d50a3a" className="longTest.gameTest, longTest, Version=1.0.0.0, Culture=neutral, PublicKeyToken=null" name="TestSampleGame" />
    </UnitTest>
    <UnitTest name="TestEndOfArray" storage="c:\documents and settings\administrator\my documents\visual studio 2010\projects\long\longtest\bin\debug\longtest.dll" id="64c9a24f-83f2-acd0-85c0-f022e50dda50">
      <Execution id="9719bfef-ca9f-49b4-9b9c-5c9f9385507f" />
      <TestMethod codeBase="c:/Documents and Settings/Administrator/My Documents/Visual Studio 2010/Projects/long/longTest/bin/Debug/longTest.DLL" adapterTypeName="Microsoft.VisualStudio.TestTools.TestTypes.Unit.UnitTestAdapter, Microsoft.VisualStudio.QualityTools.Tips.UnitTest.Adapter, Version=10.0.0.0, Culture=neutral, PublicKeyToken=b03f5f7f11d50a3a" className="longTest.gameTest, longTest, Version=1.0.0.0, Culture=neutral, PublicKeyToken=null" name="TestEndOfArray" />
    </UnitTest>
    <UnitTest name="TestSimpleSpare" storage="c:\documents and settings\administrator\my documents\visual studio 2010\projects\long\longtest\bin\debug\longtest.dll" id="486c8204-6176-7854-7fd5-765251fd96dd">
      <Execution id="fc9f0130-0782-4eb4-a5bc-2941e8eeee56" />
      <TestMethod codeBase="c:/Documents and Settings/Administrator/My Documents/Visual Studio 2010/Projects/long/longTest/bin/Debug/longTest.DLL" adapterTypeName="Microsoft.VisualStudio.TestTools.TestTypes.Unit.UnitTestAdapter, Microsoft.VisualStudio.QualityTools.Tips.UnitTest.Adapter, Version=10.0.0.0, Culture=neutral, PublicKeyToken=b03f5f7f11d50a3a" className="longTest.gameTest, longTest, Version=1.0.0.0, Culture=neutral, PublicKeyToken=null" name="TestSimpleSpare" />
    </UnitTest>
    <UnitTest name="TestSimpleStrike" storage="c:\documents and settings\administrator\my documents\visual studio 2010\projects\long\longtest\bin\debug\longtest.dll" id="553d1297-df82-a65e-c8d2-6a462b3708f5">
      <Execution id="a93c676c-f828-46b2-a996-e9b25535295d" />
      <TestMethod codeBase="c:/Documents and Settings/Administrator/My Documents/Visual Studio 2010/Projects/long/longTest/bin/Debug/longTest.DLL" adapterTypeName="Microsoft.VisualStudio.TestTools.TestTypes.Unit.UnitTestAdapter, Microsoft.VisualStudio.QualityTools.Tips.UnitTest.Adapter, Version=10.0.0.0, Culture=neutral, PublicKeyToken=b03f5f7f11d50a3a" className="longTest.gameTest, longTest, Version=1.0.0.0, Culture=neutral, PublicKeyToken=null" name="TestSimpleStrike" />
    </UnitTest>
  </TestDefinitions>
  <TestLists>
    <TestList name="列表中未列出的结果" id="8c84fa94-04c1-424b-9868-57a2d4851a1d" />
    <TestList name="所有已加载的结果" id="19431567-8539-422a-85d7-44ee4e166bda" />
  </TestLists>
  <TestEntries>
    <TestEntry testId="09c7ec2e-1330-24e5-f0fd-255e33ad0c37" executionId="bf6ba6ba-7e72-42ba-bccf-0a62c3e29b9e" testListId="8c84fa94-04c1-424b-9868-57a2d4851a1d" />
    <TestEntry testId="24c67a76-bbe9-4fc1-be19-cf6bbf6ff5fa" executionId="3069a1c4-a36d-4ca6-aa37-43ffdbfd9d3c" testListId="8c84fa94-04c1-424b-9868-57a2d4851a1d" />
    <TestEntry testId="486c8204-6176-7854-7fd5-765251fd96dd" executionId="fc9f0130-0782-4eb4-a5bc-2941e8eeee56" testListId="8c84fa94-04c1-424b-9868-57a2d4851a1d" />
    <TestEntry testId="553d1297-df82-a65e-c8d2-6a462b3708f5" executionId="a93c676c-f828-46b2-a996-e9b25535295d" testListId="8c84fa94-04c1-424b-9868-57a2d4851a1d" />
    <TestEntry testId="5a2bc9d9-9ed0-92a0-cda0-1f803901bc5c" executionId="4421f49a-26a8-4b65-b123-1e04fb01a8cf" testListId="8c84fa94-04c1-424b-9868-57a2d4851a1d" />
    <TestEntry testId="64c9a24f-83f2-acd0-85c0-f022e50dda50" executionId="9719bfef-ca9f-49b4-9b9c-5c9f9385507f" testListId="8c84fa94-04c1-424b-9868-57a2d4851a1d" />
    <TestEntry testId="9d4683a2-462d-019c-ab2c-815c4e464c69" executionId="e7ae0985-4c2a-4053-a5f7-bcef23b6ee43" testListId="8c84fa94-04c1-424b-9868-57a2d4851a1d" />
    <TestEntry testId="a3d98fb8-a6b1-c0c0-4afb-04520b9ab21a" executionId="d66b6b06-c31d-4cf9-ba79-5da339637ae0" testListId="8c84fa94-04c1-424b-9868-57a2d4851a1d" />
    <TestEntry testId="e0c2c34b-1f3c-d094-2f2a-8ad3016ece9b" executionId="2ad7fe24-036b-41ea-b19c-50527ed35ce4" testListId="8c84fa94-04c1-424b-9868-57a2d4851a1d" />
    <TestEntry testId="f433bf28-b2e4-a98d-0c8b-bcecec262ca6" executionId="c8e5bd26-75e6-4a2a-8fc4-85f0adbf518d" testListId="8c84fa94-04c1-424b-9868-57a2d4851a1d" />
  </TestEntries>
  <Results>
    <UnitTestResult executionId="bf6ba6ba-7e72-42ba-bccf-0a62c3e29b9e" testId="09c7ec2e-1330-24e5-f0fd-255e33ad0c37" testName="TestSampleGame" computerName="LENOVO-8CF3EC03" duration="00:00:00.0434823" startTime="2012-04-19T22:26:54.8281250+08:00" endTime="2012-04-19T22:26:55.2343750+08:00" testType="13cdc9d9-ddb5-4fa4-a97d-d965ccfc6d4b" outcome="Failed" testListId="8c84fa94-04c1-424b-9868-57a2d4851a1d" relativeResultsDirectory="bf6ba6ba-7e72-42ba-bccf-0a62c3e29b9e">
      <Output>
        <ErrorInfo>
          <Message>测试方法 longTest.gameTest.TestSampleGame 引发了异常: 
System.NullReferenceException: 未将对象引用设置到对象的实例。</Message>
          <StackTrace>    在 longTest.gameTest.TestSampleGame() 位置 c:\Documents and Settings\Administrator\My Documents\Visual Studio 2010\Projects\long\longTest\gameTest.cs:行号 166
</StackTrace>
        </ErrorInfo>
      </Output>
    </UnitTestResult>
    <UnitTestResult executionId="3069a1c4-a36d-4ca6-aa37-43ffdbfd9d3c" testId="24c67a76-bbe9-4fc1-be19-cf6bbf6ff5fa" testName="TestTwoThrowsNoMark" computerName="LENOVO-8CF3EC03" duration="00:00:00.0007378" startTime="2012-04-19T22:26:55.2500000+08:00" endTime="2012-04-19T22:26:55.2500000+08:00" testType="13cdc9d9-ddb5-4fa4-a97d-d965ccfc6d4b" outcome="Passed" testListId="8c84fa94-04c1-424b-9868-57a2d4851a1d" relativeResultsDirectory="3069a1c4-a36d-4ca6-aa37-43ffdbfd9d3c">
    </UnitTestResult>
    <UnitTestResult executionId="fc9f0130-0782-4eb4-a5bc-2941e8eeee56" testId="486c8204-6176-7854-7fd5-765251fd96dd" testName="TestSimpleSpare" computerName="LENOVO-8CF3EC03" duration="00:00:00.0005212" startTime="2012-04-19T22:26:55.2656250+08:00" endTime="2012-04-19T22:26:55.2812500+08:00" testType="13cdc9d9-ddb5-4fa4-a97d-d965ccfc6d4b" outcome="Passed" testListId="8c84fa94-04c1-424b-9868-57a2d4851a1d" relativeResultsDirectory="fc9f0130-0782-4eb4-a5bc-2941e8eeee56">
    </UnitTestResult>
    <UnitTestResult executionId="a93c676c-f828-46b2-a996-e9b25535295d" testId="553d1297-df82-a65e-c8d2-6a462b3708f5" testName="TestSimpleStrike" computerName="LENOVO-8CF3EC03" duration="00:00:00.1302774" startTime="2012-04-19T22:26:55.2812500+08:00" endTime="2012-04-19T22:26:55.4375000+08:00" testType="13cdc9d9-ddb5-4fa4-a97d-d965ccfc6d4b" outcome="Failed" testListId="8c84fa94-04c1-424b-9868-57a2d4851a1d" relativeResultsDirectory="a93c676c-f828-46b2-a996-e9b25535295d">
      <Output>
        <ErrorInfo>
          <Message>测试方法 longTest.gameTest.TestSimpleStrike 引发了异常: 
System.NullReferenceException: 未将对象引用设置到对象的实例。</Message>
          <StackTrace>    在 longTest.gameTest.TestSimpleStrike() 位置 c:\Documents and Settings\Administrator\My Documents\Visual Studio 2010\Projects\long\longTest\gameTest.cs:行号 132
</StackTrace>
        </ErrorInfo>
      </Output>
    </UnitTestResult>
    <UnitTestResult executionId="4421f49a-26a8-4b65-b123-1e04fb01a8cf" testId="5a2bc9d9-9ed0-92a0-cda0-1f803901bc5c" testName="TestTenthFrameSpare" computerName="LENOVO-8CF3EC03" duration="00:00:00.0025464" startTime="2012-04-19T22:26:55.4375000+08:00" endTime="2012-04-19T22:26:55.4531250+08:00" testType="13cdc9d9-ddb5-4fa4-a97d-d965ccfc6d4b" outcome="Failed" testListId="8c84fa94-04c1-424b-9868-57a2d4851a1d" relativeResultsDirectory="4421f49a-26a8-4b65-b123-1e04fb01a8cf">
      <Output>
        <ErrorInfo>
          <Message>测试方法 longTest.gameTest.TestTenthFrameSpare 引发了异常: 
System.NullReferenceException: 未将对象引用设置到对象的实例。</Message>
          <StackTrace>    在 longTest.gameTest.TestTenthFrameSpare() 位置 c:\Documents and Settings\Administrator\My Documents\Visual Studio 2010\Projects\long\longTest\gameTest.cs:行号 201
</StackTrace>
        </ErrorInfo>
      </Output>
    </UnitTestResult>
    <UnitTestResult executionId="9719bfef-ca9f-49b4-9b9c-5c9f9385507f" testId="64c9a24f-83f2-acd0-85c0-f022e50dda50" testName="TestEndOfArray" computerName="LENOVO-8CF3EC03" duration="00:00:00.0019228" startTime="2012-04-19T22:26:55.4531250+08:00" endTime="2012-04-19T22:26:55.4687500+08:00" testType="13cdc9d9-ddb5-4fa4-a97d-d965ccfc6d4b" outcome="Failed" testListId="8c84fa94-04c1-424b-9868-57a2d4851a1d" relativeResultsDirectory="9719bfef-ca9f-49b4-9b9c-5c9f9385507f">
      <Output>
        <ErrorInfo>
          <Message>测试方法 longTest.gameTest.TestEndOfArray 引发了异常: 
System.NullReferenceException: 未将对象引用设置到对象的实例。</Message>
          <StackTrace>    在 longTest.gameTest.TestEndOfArray() 位置 c:\Documents and Settings\Administrator\My Documents\Visual Studio 2010\Projects\long\longTest\gameTest.cs:行号 154
</StackTrace>
        </ErrorInfo>
      </Output>
    </UnitTestResult>
    <UnitTestResult executionId="e7ae0985-4c2a-4053-a5f7-bcef23b6ee43" testId="9d4683a2-462d-019c-ab2c-815c4e464c69" testName="TestPerfectGame" computerName="LENOVO-8CF3EC03" duration="00:00:00.0018566" startTime="2012-04-19T22:26:55.4843750+08:00" endTime="2012-04-19T22:26:55.4843750+08:00" testType="13cdc9d9-ddb5-4fa4-a97d-d965ccfc6d4b" outcome="Failed" testListId="8c84fa94-04c1-424b-9868-57a2d4851a1d" relativeResultsDirectory="e7ae0985-4c2a-4053-a5f7-bcef23b6ee43">
      <Output>
        <ErrorInfo>
          <Message>测试方法 longTest.gameTest.TestPerfectGame 引发了异常: 
System.NullReferenceException: 未将对象引用设置到对象的实例。</Message>
          <StackTrace>    在 longTest.gameTest.TestPerfectGame() 位置 c:\Documents and Settings\Administrator\My Documents\Visual Studio 2010\Projects\long\longTest\gameTest.cs:行号 144
</StackTrace>
        </ErrorInfo>
      </Output>
    </UnitTestResult>
    <UnitTestResult executionId="d66b6b06-c31d-4cf9-ba79-5da339637ae0" testId="a3d98fb8-a6b1-c0c0-4afb-04520b9ab21a" testName="TestFourThrowsNoMark" computerName="LENOVO-8CF3EC03" duration="00:00:00.0004196" startTime="2012-04-19T22:26:55.5000000+08:00" endTime="2012-04-19T22:26:55.5000000+08:00" testType="13cdc9d9-ddb5-4fa4-a97d-d965ccfc6d4b" outcome="Passed" testListId="8c84fa94-04c1-424b-9868-57a2d4851a1d" relativeResultsDirectory="d66b6b06-c31d-4cf9-ba79-5da339637ae0">
    </UnitTestResult>
    <UnitTestResult executionId="2ad7fe24-036b-41ea-b19c-50527ed35ce4" testId="e0c2c34b-1f3c-d094-2f2a-8ad3016ece9b" testName="TestSimpleFrameAfterSpare" computerName="LENOVO-8CF3EC03" duration="00:00:00.0003673" startTime="2012-04-19T22:26:55.5156250+08:00" endTime="2012-04-19T22:26:55.5156250+08:00" testType="13cdc9d9-ddb5-4fa4-a97d-d965ccfc6d4b" outcome="Passed" testListId="8c84fa94-04c1-424b-9868-57a2d4851a1d" relativeResultsDirectory="2ad7fe24-036b-41ea-b19c-50527ed35ce4">
    </UnitTestResult>
    <UnitTestResult executionId="c8e5bd26-75e6-4a2a-8fc4-85f0adbf518d" testId="f433bf28-b2e4-a98d-0c8b-bcecec262ca6" testName="TesHeartBreak" computerName="LENOVO-8CF3EC03" duration="00:00:00.0019955" startTime="2012-04-19T22:26:55.5312500+08:00" endTime="2012-04-19T22:26:55.5312500+08:00" testType="13cdc9d9-ddb5-4fa4-a97d-d965ccfc6d4b" outcome="Failed" testListId="8c84fa94-04c1-424b-9868-57a2d4851a1d" relativeResultsDirectory="c8e5bd26-75e6-4a2a-8fc4-85f0adbf518d">
      <Output>
        <ErrorInfo>
          <Message>测试方法 longTest.gameTest.TesHeartBreak 引发了异常: 
System.NullReferenceException: 未将对象引用设置到对象的实例。</Message>
          <StackTrace>    在 longTest.gameTest.TesHeartBreak() 位置 c:\Documents and Settings\Administrator\My Documents\Visual Studio 2010\Projects\long\longTest\gameTest.cs:行号 192
</StackTrace>
        </ErrorInfo>
      </Output>
    </UnitTestResult>
  </Results>
</TestRun>