<?xml version="1.0" encoding="UTF-8"?>
<TestRun id="5302637f-8b3b-4af7-a70c-3e0841c7c9c2" name="Administrator@LENOVO-8CF3EC03 2012-04-19 22:28:17" runUser="LENOVO-8CF3EC03\Administrator" xmlns="http://microsoft.com/schemas/VisualStudio/TeamTest/2010">
  <TestSettings name="本地" id="1702ca55-b2e6-4c19-a36c-a2c662bf31bb">
    <Description>这些设置为本地测试运行的默认测试设置。</Description>
    <Deployment enabled="false" runDeploymentRoot="Administrator_LENOVO-8CF3EC03 2012-04-19 22_28_17">
      <DeploymentItem filename="c:\Documents and Settings\Administrator\My Documents\Visual Studio 2010\Projects\long\long\bin\Debug\@long.exe" />
    </Deployment>
    <Execution>
      <TestTypeSpecific />
      <AgentRule name="Execution Agents">
      </AgentRule>
    </Execution>
  </TestSettings>
  <Times creation="2012-04-19T22:28:17.2343750+08:00" queuing="2012-04-19T22:28:23.9218750+08:00" start="2012-04-19T22:28:24.3437500+08:00" finish="2012-04-19T22:28:28.2656250+08:00" />
  <ResultSummary outcome="Failed">
    <Counters total="10" executed="10" passed="4" error="0" failed="6" timeout="0" aborted="0" inconclusive="0" passedButRunAborted="0" notRunnable="0" notExecuted="0" disconnected="0" warning="0" completed="0" inProgress="0" pending="0" />
  </ResultSummary>
  <TestDefinitions>
    <UnitTest name="TestSimpleFrameAfterSpare" storage="c:\documents and settings\administrator\my documents\visual studio 2010\projects\long\longtest\bin\debug\longtest.dll" id="e0c2c34b-1f3c-d094-2f2a-8ad3016ece9b">
      <Execution id="ddccf081-5f53-4082-a441-05d8b6f0913e" />
      <TestMethod codeBase="c:/Documents and Settings/Administrator/My Documents/Visual Studio 2010/Projects/long/longTest/bin/Debug/longTest.DLL" adapterTypeName="Microsoft.VisualStudio.TestTools.TestTypes.Unit.UnitTestAdapter, Microsoft.VisualStudio.QualityTools.Tips.UnitTest.Adapter, Version=10.0.0.0, Culture=neutral, PublicKeyToken=b03f5f7f11d50a3a" className="longTest.gameTest, longTest, Version=1.0.0.0, Culture=neutral, PublicKeyToken=null" name="TestSimpleFrameAfterSpare" />
    </UnitTest>
    <UnitTest name="TestFourThrowsNoMark" storage="c:\documents and settings\administrator\my documents\visual studio 2010\projects\long\longtest\bin\debug\longtest.dll" id="a3d98fb8-a6b1-c0c0-4afb-04520b9ab21a">
      <Execution id="17aa5aee-9cb0-4a04-88ef-8dbcc6193a28" />
      <TestMethod codeBase="c:/Documents and Settings/Administrator/My Documents/Visual Studio 2010/Projects/long/longTest/bin/Debug/longTest.DLL" adapterTypeName="Microsoft.VisualStudio.TestTools.TestTypes.Unit.UnitTestAdapter, Microsoft.VisualStudio.QualityTools.Tips.UnitTest.Adapter, Version=10.0.0.0, Culture=neutral, PublicKeyToken=b03f5f7f11d50a3a" className="longTest.gameTest, longTest, Version=1.0.0.0, Culture=neutral, PublicKeyToken=null" name="TestFourThrowsNoMark" />
    </UnitTest>
    <UnitTest name="TestTwoThrowsNoMark" storage="c:\documents and settings\administrator\my documents\visual studio 2010\projects\long\longtest\bin\debug\longtest.dll" id="24c67a76-bbe9-4fc1-be19-cf6bbf6ff5fa">
      <Execution id="6dea2343-029a-45b5-a570-4ebce8c11f2a" />
      <TestMethod codeBase="c:/Documents and Settings/Administrator/My Documents/Visual Studio 2010/Projects/long/longTest/bin/Debug/longTest.DLL" adapterTypeName="Microsoft.VisualStudio.TestTools.TestTypes.Unit.UnitTestAdapter, Microsoft.VisualStudio.QualityTools.Tips.UnitTest.Adapter, Version=10.0.0.0, Culture=neutral, PublicKeyToken=b03f5f7f11d50a3a" className="longTest.gameTest, longTest, Version=1.0.0.0, Culture=neutral, PublicKeyToken=null" name="TestTwoThrowsNoMark" />
    </UnitTest>
    <UnitTest name="TestTenthFrameSpare" storage="c:\documents and settings\administrator\my documents\visual studio 2010\projects\long\longtest\bin\debug\longtest.dll" id="5a2bc9d9-9ed0-92a0-cda0-1f803901bc5c">
      <Execution id="20fdafcf-1b96-4355-8796-0a164bb0650d" />
      <TestMethod codeBase="c:/Documents and Settings/Administrator/My Documents/Visual Studio 2010/Projects/long/longTest/bin/Debug/longTest.DLL" adapterTypeName="Microsoft.VisualStudio.TestTools.TestTypes.Unit.UnitTestAdapter, Microsoft.VisualStudio.QualityTools.Tips.UnitTest.Adapter, Version=10.0.0.0, Culture=neutral, PublicKeyToken=b03f5f7f11d50a3a" className="longTest.gameTest, longTest, Version=1.0.0.0, Culture=neutral, PublicKeyToken=null" name="TestTenthFrameSpare" />
    </UnitTest>
    <UnitTest name="TestPerfectGame" storage="c:\documents and settings\administrator\my documents\visual studio 2010\projects\long\longtest\bin\debug\longtest.dll" id="9d4683a2-462d-019c-ab2c-815c4e464c69">
      <Execution id="ad44061c-cee1-4305-b66c-9bdae6e84820" />
      <TestMethod codeBase="c:/Documents and Settings/Administrator/My Documents/Visual Studio 2010/Projects/long/longTest/bin/Debug/longTest.DLL" adapterTypeName="Microsoft.VisualStudio.TestTools.TestTypes.Unit.UnitTestAdapter, Microsoft.VisualStudio.QualityTools.Tips.UnitTest.Adapter, Version=10.0.0.0, Culture=neutral, PublicKeyToken=b03f5f7f11d50a3a" className="longTest.gameTest, longTest, Version=1.0.0.0, Culture=neutral, PublicKeyToken=null" name="TestPerfectGame" />
    </UnitTest>
    <UnitTest name="TesHeartBreak" storage="c:\documents and settings\administrator\my documents\visual studio 2010\projects\long\longtest\bin\debug\longtest.dll" id="f433bf28-b2e4-a98d-0c8b-bcecec262ca6">
      <Execution id="4535e6d0-8f72-40e6-80a3-c5a2e43b92eb" />
      <TestMethod codeBase="c:/Documents and Settings/Administrator/My Documents/Visual Studio 2010/Projects/long/longTest/bin/Debug/longTest.DLL" adapterTypeName="Microsoft.VisualStudio.TestTools.TestTypes.Unit.UnitTestAdapter, Microsoft.VisualStudio.QualityTools.Tips.UnitTest.Adapter, Version=10.0.0.0, Culture=neutral, PublicKeyToken=b03f5f7f11d50a3a" className="longTest.gameTest, longTest, Version=1.0.0.0, Culture=neutral, PublicKeyToken=null" name="TesHeartBreak" />
    </UnitTest>
    <UnitTest name="TestSampleGame" storage="c:\documents and settings\administrator\my documents\visual studio 2010\projects\long\longtest\bin\debug\longtest.dll" id="09c7ec2e-1330-24e5-f0fd-255e33ad0c37">
      <Execution id="7ff9e0cb-27af-4581-b1a8-a47cef7202d5" />
      <TestMethod codeBase="c:/Documents and Settings/Administrator/My Documents/Visual Studio 2010/Projects/long/longTest/bin/Debug/longTest.DLL" adapterTypeName="Microsoft.VisualStudio.TestTools.TestTypes.Unit.UnitTestAdapter, Microsoft.VisualStudio.QualityTools.Tips.UnitTest.Adapter, Version=10.0.0.0, Culture=neutral, PublicKeyToken=b03f5f7f11d50a3a" className="longTest.gameTest, longTest, Version=1.0.0.0, Culture=neutral, PublicKeyToken=null" name="TestSampleGame" />
    </UnitTest>
    <UnitTest name="TestEndOfArray" storage="c:\documents and settings\administrator\my documents\visual studio 2010\projects\long\longtest\bin\debug\longtest.dll" id="64c9a24f-83f2-acd0-85c0-f022e50dda50">
      <Execution id="a45e4174-4d18-4705-9e09-4d17a3f68682" />
      <TestMethod codeBase="c:/Documents and Settings/Administrator/My Documents/Visual Studio 2010/Projects/long/longTest/bin/Debug/longTest.DLL" adapterTypeName="Microsoft.VisualStudio.TestTools.TestTypes.Unit.UnitTestAdapter, Microsoft.VisualStudio.QualityTools.Tips.UnitTest.Adapter, Version=10.0.0.0, Culture=neutral, PublicKeyToken=b03f5f7f11d50a3a" className="longTest.gameTest, longTest, Version=1.0.0.0, Culture=neutral, PublicKeyToken=null" name="TestEndOfArray" />
    </UnitTest>
    <UnitTest name="TestSimpleSpare" storage="c:\documents and settings\administrator\my documents\visual studio 2010\projects\long\longtest\bin\debug\longtest.dll" id="486c8204-6176-7854-7fd5-765251fd96dd">
      <Execution id="4ebce761-8b2b-4d52-817c-a888a9f2f1e8" />
      <TestMethod codeBase="c:/Documents and Settings/Administrator/My Documents/Visual Studio 2010/Projects/long/longTest/bin/Debug/longTest.DLL" adapterTypeName="Microsoft.VisualStudio.TestTools.TestTypes.Unit.UnitTestAdapter, Microsoft.VisualStudio.QualityTools.Tips.UnitTest.Adapter, Version=10.0.0.0, Culture=neutral, PublicKeyToken=b03f5f7f11d50a3a" className="longTest.gameTest, longTest, Version=1.0.0.0, Culture=neutral, PublicKeyToken=null" name="TestSimpleSpare" />
    </UnitTest>
    <UnitTest name="TestSimpleStrike" storage="c:\documents and settings\administrator\my documents\visual studio 2010\projects\long\longtest\bin\debug\longtest.dll" id="553d1297-df82-a65e-c8d2-6a462b3708f5">
      <Execution id="b6eb0278-7947-46a1-a4c7-b1235017988f" />
      <TestMethod codeBase="c:/Documents and Settings/Administrator/My Documents/Visual Studio 2010/Projects/long/longTest/bin/Debug/longTest.DLL" adapterTypeName="Microsoft.VisualStudio.TestTools.TestTypes.Unit.UnitTestAdapter, Microsoft.VisualStudio.QualityTools.Tips.UnitTest.Adapter, Version=10.0.0.0, Culture=neutral, PublicKeyToken=b03f5f7f11d50a3a" className="longTest.gameTest, longTest, Version=1.0.0.0, Culture=neutral, PublicKeyToken=null" name="TestSimpleStrike" />
    </UnitTest>
  </TestDefinitions>
  <TestLists>
    <TestList name="列表中未列出的结果" id="8c84fa94-04c1-424b-9868-57a2d4851a1d" />
    <TestList name="所有已加载的结果" id="19431567-8539-422a-85d7-44ee4e166bda" />
  </TestLists>
  <TestEntries>
    <TestEntry testId="09c7ec2e-1330-24e5-f0fd-255e33ad0c37" executionId="7ff9e0cb-27af-4581-b1a8-a47cef7202d5" testListId="8c84fa94-04c1-424b-9868-57a2d4851a1d" />
    <TestEntry testId="24c67a76-bbe9-4fc1-be19-cf6bbf6ff5fa" executionId="6dea2343-029a-45b5-a570-4ebce8c11f2a" testListId="8c84fa94-04c1-424b-9868-57a2d4851a1d" />
    <TestEntry testId="486c8204-6176-7854-7fd5-765251fd96dd" executionId="4ebce761-8b2b-4d52-817c-a888a9f2f1e8" testListId="8c84fa94-04c1-424b-9868-57a2d4851a1d" />
    <TestEntry testId="553d1297-df82-a65e-c8d2-6a462b3708f5" executionId="b6eb0278-7947-46a1-a4c7-b1235017988f" testListId="8c84fa94-04c1-424b-9868-57a2d4851a1d" />
    <TestEntry testId="5a2bc9d9-9ed0-92a0-cda0-1f803901bc5c" executionId="20fdafcf-1b96-4355-8796-0a164bb0650d" testListId="8c84fa94-04c1-424b-9868-57a2d4851a1d" />
    <TestEntry testId="64c9a24f-83f2-acd0-85c0-f022e50dda50" executionId="a45e4174-4d18-4705-9e09-4d17a3f68682" testListId="8c84fa94-04c1-424b-9868-57a2d4851a1d" />
    <TestEntry testId="9d4683a2-462d-019c-ab2c-815c4e464c69" executionId="ad44061c-cee1-4305-b66c-9bdae6e84820" testListId="8c84fa94-04c1-424b-9868-57a2d4851a1d" />
    <TestEntry testId="a3d98fb8-a6b1-c0c0-4afb-04520b9ab21a" executionId="17aa5aee-9cb0-4a04-88ef-8dbcc6193a28" testListId="8c84fa94-04c1-424b-9868-57a2d4851a1d" />
    <TestEntry testId="e0c2c34b-1f3c-d094-2f2a-8ad3016ece9b" executionId="ddccf081-5f53-4082-a441-05d8b6f0913e" testListId="8c84fa94-04c1-424b-9868-57a2d4851a1d" />
    <TestEntry testId="f433bf28-b2e4-a98d-0c8b-bcecec262ca6" executionId="4535e6d0-8f72-40e6-80a3-c5a2e43b92eb" testListId="8c84fa94-04c1-424b-9868-57a2d4851a1d" />
  </TestEntries>
  <Results>
    <UnitTestResult executionId="7ff9e0cb-27af-4581-b1a8-a47cef7202d5" testId="09c7ec2e-1330-24e5-f0fd-255e33ad0c37" testName="TestSampleGame" computerName="LENOVO-8CF3EC03" duration="00:00:00.4441553" startTime="2012-04-19T22:28:24.5468750+08:00" endTime="2012-04-19T22:28:26.8281250+08:00" testType="13cdc9d9-ddb5-4fa4-a97d-d965ccfc6d4b" outcome="Failed" testListId="8c84fa94-04c1-424b-9868-57a2d4851a1d" relativeResultsDirectory="7ff9e0cb-27af-4581-b1a8-a47cef7202d5">
      <Output>
        <ErrorInfo>
          <Message>测试方法 longTest.gameTest.TestSampleGame 引发了异常: 
System.NullReferenceException: 未将对象引用设置到对象的实例。</Message>
          <StackTrace>    在 longTest.gameTest.TestSampleGame() 位置 c:\Documents and Settings\Administrator\My Documents\Visual Studio 2010\Projects\long\longTest\gameTest.cs:行号 166
</StackTrace>
        </ErrorInfo>
      </Output>
    </UnitTestResult>
    <UnitTestResult executionId="6dea2343-029a-45b5-a570-4ebce8c11f2a" testId="24c67a76-bbe9-4fc1-be19-cf6bbf6ff5fa" testName="TestTwoThrowsNoMark" computerName="LENOVO-8CF3EC03" duration="00:00:00.0019167" startTime="2012-04-19T22:28:26.8593750+08:00" endTime="2012-04-19T22:28:26.8750000+08:00" testType="13cdc9d9-ddb5-4fa4-a97d-d965ccfc6d4b" outcome="Passed" testListId="8c84fa94-04c1-424b-9868-57a2d4851a1d" relativeResultsDirectory="6dea2343-029a-45b5-a570-4ebce8c11f2a">
    </UnitTestResult>
    <UnitTestResult executionId="4ebce761-8b2b-4d52-817c-a888a9f2f1e8" testId="486c8204-6176-7854-7fd5-765251fd96dd" testName="TestSimpleSpare" computerName="LENOVO-8CF3EC03" duration="00:00:00.0006087" startTime="2012-04-19T22:28:26.9062500+08:00" endTime="2012-04-19T22:28:26.9218750+08:00" testType="13cdc9d9-ddb5-4fa4-a97d-d965ccfc6d4b" outcome="Passed" testListId="8c84fa94-04c1-424b-9868-57a2d4851a1d" relativeResultsDirectory="4ebce761-8b2b-4d52-817c-a888a9f2f1e8">
    </UnitTestResult>
    <UnitTestResult executionId="b6eb0278-7947-46a1-a4c7-b1235017988f" testId="553d1297-df82-a65e-c8d2-6a462b3708f5" testName="TestSimpleStrike" computerName="LENOVO-8CF3EC03" duration="00:00:00.1080628" startTime="2012-04-19T22:28:26.9531250+08:00" endTime="2012-04-19T22:28:27.0781250+08:00" testType="13cdc9d9-ddb5-4fa4-a97d-d965ccfc6d4b" outcome="Failed" testListId="8c84fa94-04c1-424b-9868-57a2d4851a1d" relativeResultsDirectory="b6eb0278-7947-46a1-a4c7-b1235017988f">
      <Output>
        <ErrorInfo>
          <Message>测试方法 longTest.gameTest.TestSimpleStrike 引发了异常: 
System.NullReferenceException: 未将对象引用设置到对象的实例。</Message>
          <StackTrace>    在 longTest.gameTest.TestSimpleStrike() 位置 c:\Documents and Settings\Administrator\My Documents\Visual Studio 2010\Projects\long\longTest\gameTest.cs:行号 132
</StackTrace>
        </ErrorInfo>
      </Output>
    </UnitTestResult>
    <UnitTestResult executionId="20fdafcf-1b96-4355-8796-0a164bb0650d" testId="5a2bc9d9-9ed0-92a0-cda0-1f803901bc5c" testName="TestTenthFrameSpare" computerName="LENOVO-8CF3EC03" duration="00:00:00.1094032" startTime="2012-04-19T22:28:27.1093750+08:00" endTime="2012-04-19T22:28:27.2343750+08:00" testType="13cdc9d9-ddb5-4fa4-a97d-d965ccfc6d4b" outcome="Failed" testListId="8c84fa94-04c1-424b-9868-57a2d4851a1d" relativeResultsDirectory="20fdafcf-1b96-4355-8796-0a164bb0650d">
      <Output>
        <ErrorInfo>
          <Message>测试方法 longTest.gameTest.TestTenthFrameSpare 引发了异常: 
System.NullReferenceException: 未将对象引用设置到对象的实例。</Message>
          <StackTrace>    在 longTest.gameTest.TestTenthFrameSpare() 位置 c:\Documents and Settings\Administrator\My Documents\Visual Studio 2010\Projects\long\longTest\gameTest.cs:行号 201
</StackTrace>
        </ErrorInfo>
      </Output>
    </UnitTestResult>
    <UnitTestResult executionId="a45e4174-4d18-4705-9e09-4d17a3f68682" testId="64c9a24f-83f2-acd0-85c0-f022e50dda50" testName="TestEndOfArray" computerName="LENOVO-8CF3EC03" duration="00:00:00.1077726" startTime="2012-04-19T22:28:27.2500000+08:00" endTime="2012-04-19T22:28:27.3906250+08:00" testType="13cdc9d9-ddb5-4fa4-a97d-d965ccfc6d4b" outcome="Failed" testListId="8c84fa94-04c1-424b-9868-57a2d4851a1d" relativeResultsDirectory="a45e4174-4d18-4705-9e09-4d17a3f68682">
      <Output>
        <ErrorInfo>
          <Message>测试方法 longTest.gameTest.TestEndOfArray 引发了异常: 
System.NullReferenceException: 未将对象引用设置到对象的实例。</Message>
          <StackTrace>    在 longTest.gameTest.TestEndOfArray() 位置 c:\Documents and Settings\Administrator\My Documents\Visual Studio 2010\Projects\long\longTest\gameTest.cs:行号 154
</StackTrace>
        </ErrorInfo>
      </Output>
    </UnitTestResult>
    <UnitTestResult executionId="ad44061c-cee1-4305-b66c-9bdae6e84820" testId="9d4683a2-462d-019c-ab2c-815c4e464c69" testName="TestPerfectGame" computerName="LENOVO-8CF3EC03" duration="00:00:00.1108138" startTime="2012-04-19T22:28:27.4062500+08:00" endTime="2012-04-19T22:28:27.5312500+08:00" testType="13cdc9d9-ddb5-4fa4-a97d-d965ccfc6d4b" outcome="Failed" testListId="8c84fa94-04c1-424b-9868-57a2d4851a1d" relativeResultsDirectory="ad44061c-cee1-4305-b66c-9bdae6e84820">
      <Output>
        <ErrorInfo>
          <Message>测试方法 longTest.gameTest.TestPerfectGame 引发了异常: 
System.NullReferenceException: 未将对象引用设置到对象的实例。</Message>
          <StackTrace>    在 longTest.gameTest.TestPerfectGame() 位置 c:\Documents and Settings\Administrator\My Documents\Visual Studio 2010\Projects\long\longTest\gameTest.cs:行号 144
</StackTrace>
        </ErrorInfo>
      </Output>
    </UnitTestResult>
    <UnitTestResult executionId="17aa5aee-9cb0-4a04-88ef-8dbcc6193a28" testId="a3d98fb8-a6b1-c0c0-4afb-04520b9ab21a" testName="TestFourThrowsNoMark" computerName="LENOVO-8CF3EC03" duration="00:00:00.0004053" startTime="2012-04-19T22:28:27.5625000+08:00" endTime="2012-04-19T22:28:27.5781250+08:00" testType="13cdc9d9-ddb5-4fa4-a97d-d965ccfc6d4b" outcome="Passed" testListId="8c84fa94-04c1-424b-9868-57a2d4851a1d" relativeResultsDirectory="17aa5aee-9cb0-4a04-88ef-8dbcc6193a28">
    </UnitTestResult>
    <UnitTestResult executionId="ddccf081-5f53-4082-a441-05d8b6f0913e" testId="e0c2c34b-1f3c-d094-2f2a-8ad3016ece9b" testName="TestSimpleFrameAfterSpare" computerName="LENOVO-8CF3EC03" duration="00:00:00.0004506" startTime="2012-04-19T22:28:27.6093750+08:00" endTime="2012-04-19T22:28:27.6250000+08:00" testType="13cdc9d9-ddb5-4fa4-a97d-d965ccfc6d4b" outcome="Passed" testListId="8c84fa94-04c1-424b-9868-57a2d4851a1d" relativeResultsDirectory="ddccf081-5f53-4082-a441-05d8b6f0913e">
    </UnitTestResult>
    <UnitTestResult executionId="4535e6d0-8f72-40e6-80a3-c5a2e43b92eb" testId="f433bf28-b2e4-a98d-0c8b-bcecec262ca6" testName="TesHeartBreak" computerName="LENOVO-8CF3EC03" duration="00:00:00.1118969" startTime="2012-04-19T22:28:27.6562500+08:00" endTime="2012-04-19T22:28:27.7968750+08:00" testType="13cdc9d9-ddb5-4fa4-a97d-d965ccfc6d4b" outcome="Failed" testListId="8c84fa94-04c1-424b-9868-57a2d4851a1d" relativeResultsDirectory="4535e6d0-8f72-40e6-80a3-c5a2e43b92eb">
      <Output>
        <ErrorInfo>
          <Message>测试方法 longTest.gameTest.TesHeartBreak 引发了异常: 
System.NullReferenceException: 未将对象引用设置到对象的实例。</Message>
          <StackTrace>    在 longTest.gameTest.TesHeartBreak() 位置 c:\Documents and Settings\Administrator\My Documents\Visual Studio 2010\Projects\long\longTest\gameTest.cs:行号 192
</StackTrace>
        </ErrorInfo>
      </Output>
    </UnitTestResult>
  </Results>
</TestRun>