<?xml version="1.0" encoding="UTF-8"?>
<TestRun id="6cae1041-6b90-4eed-b346-1cf16c25b817" name="Administrator@LENOVO-8CF3EC03 2012-04-19 18:07:13" runUser="LENOVO-8CF3EC03\Administrator" xmlns="http://microsoft.com/schemas/VisualStudio/TeamTest/2010">
  <TestSettings name="本地" id="1702ca55-b2e6-4c19-a36c-a2c662bf31bb">
    <Description>这些设置为本地测试运行的默认测试设置。</Description>
    <Deployment enabled="false" runDeploymentRoot="Administrator_LENOVO-8CF3EC03 2012-04-19 18_07_13">
      <DeploymentItem filename="c:\Documents and Settings\Administrator\My Documents\Visual Studio 2010\Projects\long\long\bin\Debug\@long.exe" />
    </Deployment>
    <Execution>
      <TestTypeSpecific />
      <AgentRule name="Execution Agents">
      </AgentRule>
    </Execution>
  </TestSettings>
  <Times creation="2012-04-19T18:07:13.9843750+08:00" queuing="2012-04-19T18:07:15.9375000+08:00" start="2012-04-19T18:07:16.0781250+08:00" finish="2012-04-19T18:07:17.7031250+08:00" />
  <ResultSummary outcome="Completed">
    <Counters total="5" executed="5" passed="5" error="0" failed="0" timeout="0" aborted="0" inconclusive="0" passedButRunAborted="0" notRunnable="0" notExecuted="0" disconnected="0" warning="0" completed="0" inProgress="0" pending="0" />
  </ResultSummary>
  <TestDefinitions>
    <UnitTest name="TestSimpleFrameAfterSpare" storage="c:\documents and settings\administrator\my documents\visual studio 2010\projects\long\longtest\bin\debug\longtest.dll" id="e0c2c34b-1f3c-d094-2f2a-8ad3016ece9b">
      <Execution id="8d10d6dc-e4e0-49e3-9db0-8a346a1d8b9f" />
      <TestMethod codeBase="c:/Documents and Settings/Administrator/My Documents/Visual Studio 2010/Projects/long/longTest/bin/Debug/longTest.DLL" adapterTypeName="Microsoft.VisualStudio.TestTools.TestTypes.Unit.UnitTestAdapter, Microsoft.VisualStudio.QualityTools.Tips.UnitTest.Adapter, Version=10.0.0.0, Culture=neutral, PublicKeyToken=b03f5f7f11d50a3a" className="longTest.gameTest, longTest, Version=1.0.0.0, Culture=neutral, PublicKeyToken=null" name="TestSimpleFrameAfterSpare" />
    </UnitTest>
    <UnitTest name="TestFourThrowsNoMark" storage="c:\documents and settings\administrator\my documents\visual studio 2010\projects\long\longtest\bin\debug\longtest.dll" id="a3d98fb8-a6b1-c0c0-4afb-04520b9ab21a">
      <Execution id="1e033501-7b46-4c06-9b84-4a62c950fccd" />
      <TestMethod codeBase="c:/Documents and Settings/Administrator/My Documents/Visual Studio 2010/Projects/long/longTest/bin/Debug/longTest.DLL" adapterTypeName="Microsoft.VisualStudio.TestTools.TestTypes.Unit.UnitTestAdapter, Microsoft.VisualStudio.QualityTools.Tips.UnitTest.Adapter, Version=10.0.0.0, Culture=neutral, PublicKeyToken=b03f5f7f11d50a3a" className="longTest.gameTest, longTest, Version=1.0.0.0, Culture=neutral, PublicKeyToken=null" name="TestFourThrowsNoMark" />
    </UnitTest>
    <UnitTest name="TestOneThrow" storage="c:\documents and settings\administrator\my documents\visual studio 2010\projects\long\longtest\bin\debug\longtest.dll" id="534dd4ea-e99c-c005-cfde-1534f216e828">
      <Execution id="a00305ea-dee1-48f1-95fd-03c5532b6fa6" />
      <TestMethod codeBase="c:/Documents and Settings/Administrator/My Documents/Visual Studio 2010/Projects/long/longTest/bin/Debug/longTest.DLL" adapterTypeName="Microsoft.VisualStudio.TestTools.TestTypes.Unit.UnitTestAdapter, Microsoft.VisualStudio.QualityTools.Tips.UnitTest.Adapter, Version=10.0.0.0, Culture=neutral, PublicKeyToken=b03f5f7f11d50a3a" className="longTest.gameTest, longTest, Version=1.0.0.0, Culture=neutral, PublicKeyToken=null" name="TestOneThrow" />
    </UnitTest>
    <UnitTest name="TestTwoThrowsNoMark" storage="c:\documents and settings\administrator\my documents\visual studio 2010\projects\long\longtest\bin\debug\longtest.dll" id="24c67a76-bbe9-4fc1-be19-cf6bbf6ff5fa">
      <Execution id="ecf8815c-8376-4a63-97d6-dc8872da20c5" />
      <TestMethod codeBase="c:/Documents and Settings/Administrator/My Documents/Visual Studio 2010/Projects/long/longTest/bin/Debug/longTest.DLL" adapterTypeName="Microsoft.VisualStudio.TestTools.TestTypes.Unit.UnitTestAdapter, Microsoft.VisualStudio.QualityTools.Tips.UnitTest.Adapter, Version=10.0.0.0, Culture=neutral, PublicKeyToken=b03f5f7f11d50a3a" className="longTest.gameTest, longTest, Version=1.0.0.0, Culture=neutral, PublicKeyToken=null" name="TestTwoThrowsNoMark" />
    </UnitTest>
    <UnitTest name="TestSimpleSpare" storage="c:\documents and settings\administrator\my documents\visual studio 2010\projects\long\longtest\bin\debug\longtest.dll" id="486c8204-6176-7854-7fd5-765251fd96dd">
      <Execution id="0af0019c-4200-4af2-8d0f-7f4c37698eb2" />
      <TestMethod codeBase="c:/Documents and Settings/Administrator/My Documents/Visual Studio 2010/Projects/long/longTest/bin/Debug/longTest.DLL" adapterTypeName="Microsoft.VisualStudio.TestTools.TestTypes.Unit.UnitTestAdapter, Microsoft.VisualStudio.QualityTools.Tips.UnitTest.Adapter, Version=10.0.0.0, Culture=neutral, PublicKeyToken=b03f5f7f11d50a3a" className="longTest.gameTest, longTest, Version=1.0.0.0, Culture=neutral, PublicKeyToken=null" name="TestSimpleSpare" />
    </UnitTest>
  </TestDefinitions>
  <TestLists>
    <TestList name="列表中未列出的结果" id="8c84fa94-04c1-424b-9868-57a2d4851a1d" />
    <TestList name="所有已加载的结果" id="19431567-8539-422a-85d7-44ee4e166bda" />
  </TestLists>
  <TestEntries>
    <TestEntry testId="24c67a76-bbe9-4fc1-be19-cf6bbf6ff5fa" executionId="ecf8815c-8376-4a63-97d6-dc8872da20c5" testListId="8c84fa94-04c1-424b-9868-57a2d4851a1d" />
    <TestEntry testId="486c8204-6176-7854-7fd5-765251fd96dd" executionId="0af0019c-4200-4af2-8d0f-7f4c37698eb2" testListId="8c84fa94-04c1-424b-9868-57a2d4851a1d" />
    <TestEntry testId="534dd4ea-e99c-c005-cfde-1534f216e828" executionId="a00305ea-dee1-48f1-95fd-03c5532b6fa6" testListId="8c84fa94-04c1-424b-9868-57a2d4851a1d" />
    <TestEntry testId="a3d98fb8-a6b1-c0c0-4afb-04520b9ab21a" executionId="1e033501-7b46-4c06-9b84-4a62c950fccd" testListId="8c84fa94-04c1-424b-9868-57a2d4851a1d" />
    <TestEntry testId="e0c2c34b-1f3c-d094-2f2a-8ad3016ece9b" executionId="8d10d6dc-e4e0-49e3-9db0-8a346a1d8b9f" testListId="8c84fa94-04c1-424b-9868-57a2d4851a1d" />
  </TestEntries>
  <Results>
    <UnitTestResult executionId="ecf8815c-8376-4a63-97d6-dc8872da20c5" testId="24c67a76-bbe9-4fc1-be19-cf6bbf6ff5fa" testName="TestTwoThrowsNoMark" computerName="LENOVO-8CF3EC03" duration="00:00:00.0388672" startTime="2012-04-19T18:07:16.1875000+08:00" endTime="2012-04-19T18:07:17.3281250+08:00" testType="13cdc9d9-ddb5-4fa4-a97d-d965ccfc6d4b" outcome="Passed" testListId="8c84fa94-04c1-424b-9868-57a2d4851a1d" relativeResultsDirectory="ecf8815c-8376-4a63-97d6-dc8872da20c5">
    </UnitTestResult>
    <UnitTestResult executionId="0af0019c-4200-4af2-8d0f-7f4c37698eb2" testId="486c8204-6176-7854-7fd5-765251fd96dd" testName="TestSimpleSpare" computerName="LENOVO-8CF3EC03" duration="00:00:00.0006140" startTime="2012-04-19T18:07:17.3593750+08:00" endTime="2012-04-19T18:07:17.3750000+08:00" testType="13cdc9d9-ddb5-4fa4-a97d-d965ccfc6d4b" outcome="Passed" testListId="8c84fa94-04c1-424b-9868-57a2d4851a1d" relativeResultsDirectory="0af0019c-4200-4af2-8d0f-7f4c37698eb2">
    </UnitTestResult>
    <UnitTestResult executionId="a00305ea-dee1-48f1-95fd-03c5532b6fa6" testId="534dd4ea-e99c-c005-cfde-1534f216e828" testName="TestOneThrow" computerName="LENOVO-8CF3EC03" duration="00:00:00.0003380" startTime="2012-04-19T18:07:17.4062500+08:00" endTime="2012-04-19T18:07:17.4375000+08:00" testType="13cdc9d9-ddb5-4fa4-a97d-d965ccfc6d4b" outcome="Passed" testListId="8c84fa94-04c1-424b-9868-57a2d4851a1d" relativeResultsDirectory="a00305ea-dee1-48f1-95fd-03c5532b6fa6">
    </UnitTestResult>
    <UnitTestResult executionId="1e033501-7b46-4c06-9b84-4a62c950fccd" testId="a3d98fb8-a6b1-c0c0-4afb-04520b9ab21a" testName="TestFourThrowsNoMark" computerName="LENOVO-8CF3EC03" duration="00:00:00.0003902" startTime="2012-04-19T18:07:17.4531250+08:00" endTime="2012-04-19T18:07:17.4687500+08:00" testType="13cdc9d9-ddb5-4fa4-a97d-d965ccfc6d4b" outcome="Passed" testListId="8c84fa94-04c1-424b-9868-57a2d4851a1d" relativeResultsDirectory="1e033501-7b46-4c06-9b84-4a62c950fccd">
    </UnitTestResult>
    <UnitTestResult executionId="8d10d6dc-e4e0-49e3-9db0-8a346a1d8b9f" testId="e0c2c34b-1f3c-d094-2f2a-8ad3016ece9b" testName="TestSimpleFrameAfterSpare" computerName="LENOVO-8CF3EC03" duration="00:00:00.0003690" startTime="2012-04-19T18:07:17.4843750+08:00" endTime="2012-04-19T18:07:17.5156250+08:00" testType="13cdc9d9-ddb5-4fa4-a97d-d965ccfc6d4b" outcome="Passed" testListId="8c84fa94-04c1-424b-9868-57a2d4851a1d" relativeResultsDirectory="8d10d6dc-e4e0-49e3-9db0-8a346a1d8b9f">
    </UnitTestResult>
  </Results>
</TestRun>