<?xml version="1.0" encoding="UTF-8"?>
<TestRun id="eb581cfa-6056-40a1-8873-e78b9d93029a" name="Administrator@LENOVO-8CF3EC03 2012-04-19 18:06:06" runUser="LENOVO-8CF3EC03\Administrator" xmlns="http://microsoft.com/schemas/VisualStudio/TeamTest/2010">
  <TestSettings name="本地" id="1702ca55-b2e6-4c19-a36c-a2c662bf31bb">
    <Description>这些设置为本地测试运行的默认测试设置。</Description>
    <Deployment enabled="false" runDeploymentRoot="Administrator_LENOVO-8CF3EC03 2012-04-19 18_06_06">
      <DeploymentItem filename="c:\Documents and Settings\Administrator\My Documents\Visual Studio 2010\Projects\long\long\bin\Debug\@long.exe" />
    </Deployment>
    <Execution>
      <TestTypeSpecific />
      <AgentRule name="Execution Agents">
      </AgentRule>
    </Execution>
  </TestSettings>
  <Times creation="2012-04-19T18:06:06.0312500+08:00" queuing="2012-04-19T18:06:08.2812500+08:00" start="2012-04-19T18:06:08.4843750+08:00" finish="2012-04-19T18:06:10.2187500+08:00" />
  <ResultSummary outcome="Completed">
    <Counters total="5" executed="5" passed="5" error="0" failed="0" timeout="0" aborted="0" inconclusive="0" passedButRunAborted="0" notRunnable="0" notExecuted="0" disconnected="0" warning="0" completed="0" inProgress="0" pending="0" />
  </ResultSummary>
  <TestDefinitions>
    <UnitTest name="TestSimpleFrameAfterSpare" storage="c:\documents and settings\administrator\my documents\visual studio 2010\projects\long\longtest\bin\debug\longtest.dll" id="e0c2c34b-1f3c-d094-2f2a-8ad3016ece9b">
      <Execution id="823c22fe-42b5-4037-821b-b5848ee5086f" />
      <TestMethod codeBase="c:/Documents and Settings/Administrator/My Documents/Visual Studio 2010/Projects/long/longTest/bin/Debug/longTest.DLL" adapterTypeName="Microsoft.VisualStudio.TestTools.TestTypes.Unit.UnitTestAdapter, Microsoft.VisualStudio.QualityTools.Tips.UnitTest.Adapter, Version=10.0.0.0, Culture=neutral, PublicKeyToken=b03f5f7f11d50a3a" className="longTest.gameTest, longTest, Version=1.0.0.0, Culture=neutral, PublicKeyToken=null" name="TestSimpleFrameAfterSpare" />
    </UnitTest>
    <UnitTest name="TestFourThrowsNoMark" storage="c:\documents and settings\administrator\my documents\visual studio 2010\projects\long\longtest\bin\debug\longtest.dll" id="a3d98fb8-a6b1-c0c0-4afb-04520b9ab21a">
      <Execution id="0ec5a438-1da2-4d52-88dc-f5a43b513613" />
      <TestMethod codeBase="c:/Documents and Settings/Administrator/My Documents/Visual Studio 2010/Projects/long/longTest/bin/Debug/longTest.DLL" adapterTypeName="Microsoft.VisualStudio.TestTools.TestTypes.Unit.UnitTestAdapter, Microsoft.VisualStudio.QualityTools.Tips.UnitTest.Adapter, Version=10.0.0.0, Culture=neutral, PublicKeyToken=b03f5f7f11d50a3a" className="longTest.gameTest, longTest, Version=1.0.0.0, Culture=neutral, PublicKeyToken=null" name="TestFourThrowsNoMark" />
    </UnitTest>
    <UnitTest name="TestOneThrow" storage="c:\documents and settings\administrator\my documents\visual studio 2010\projects\long\longtest\bin\debug\longtest.dll" id="534dd4ea-e99c-c005-cfde-1534f216e828">
      <Execution id="5b780f88-4359-492c-97f5-c31498ccc815" />
      <TestMethod codeBase="c:/Documents and Settings/Administrator/My Documents/Visual Studio 2010/Projects/long/longTest/bin/Debug/longTest.DLL" adapterTypeName="Microsoft.VisualStudio.TestTools.TestTypes.Unit.UnitTestAdapter, Microsoft.VisualStudio.QualityTools.Tips.UnitTest.Adapter, Version=10.0.0.0, Culture=neutral, PublicKeyToken=b03f5f7f11d50a3a" className="longTest.gameTest, longTest, Version=1.0.0.0, Culture=neutral, PublicKeyToken=null" name="TestOneThrow" />
    </UnitTest>
    <UnitTest name="TestTwoThrowsNoMark" storage="c:\documents and settings\administrator\my documents\visual studio 2010\projects\long\longtest\bin\debug\longtest.dll" id="24c67a76-bbe9-4fc1-be19-cf6bbf6ff5fa">
      <Execution id="e448ace8-45e9-4016-bd7f-2c483befefe5" />
      <TestMethod codeBase="c:/Documents and Settings/Administrator/My Documents/Visual Studio 2010/Projects/long/longTest/bin/Debug/longTest.DLL" adapterTypeName="Microsoft.VisualStudio.TestTools.TestTypes.Unit.UnitTestAdapter, Microsoft.VisualStudio.QualityTools.Tips.UnitTest.Adapter, Version=10.0.0.0, Culture=neutral, PublicKeyToken=b03f5f7f11d50a3a" className="longTest.gameTest, longTest, Version=1.0.0.0, Culture=neutral, PublicKeyToken=null" name="TestTwoThrowsNoMark" />
    </UnitTest>
    <UnitTest name="TestSimpleSpare" storage="c:\documents and settings\administrator\my documents\visual studio 2010\projects\long\longtest\bin\debug\longtest.dll" id="486c8204-6176-7854-7fd5-765251fd96dd">
      <Execution id="cff83355-6fd2-4ae4-a11a-4569a075c270" />
      <TestMethod codeBase="c:/Documents and Settings/Administrator/My Documents/Visual Studio 2010/Projects/long/longTest/bin/Debug/longTest.DLL" adapterTypeName="Microsoft.VisualStudio.TestTools.TestTypes.Unit.UnitTestAdapter, Microsoft.VisualStudio.QualityTools.Tips.UnitTest.Adapter, Version=10.0.0.0, Culture=neutral, PublicKeyToken=b03f5f7f11d50a3a" className="longTest.gameTest, longTest, Version=1.0.0.0, Culture=neutral, PublicKeyToken=null" name="TestSimpleSpare" />
    </UnitTest>
  </TestDefinitions>
  <TestLists>
    <TestList name="列表中未列出的结果" id="8c84fa94-04c1-424b-9868-57a2d4851a1d" />
    <TestList name="所有已加载的结果" id="19431567-8539-422a-85d7-44ee4e166bda" />
  </TestLists>
  <TestEntries>
    <TestEntry testId="24c67a76-bbe9-4fc1-be19-cf6bbf6ff5fa" executionId="e448ace8-45e9-4016-bd7f-2c483befefe5" testListId="8c84fa94-04c1-424b-9868-57a2d4851a1d" />
    <TestEntry testId="486c8204-6176-7854-7fd5-765251fd96dd" executionId="cff83355-6fd2-4ae4-a11a-4569a075c270" testListId="8c84fa94-04c1-424b-9868-57a2d4851a1d" />
    <TestEntry testId="534dd4ea-e99c-c005-cfde-1534f216e828" executionId="5b780f88-4359-492c-97f5-c31498ccc815" testListId="8c84fa94-04c1-424b-9868-57a2d4851a1d" />
    <TestEntry testId="a3d98fb8-a6b1-c0c0-4afb-04520b9ab21a" executionId="0ec5a438-1da2-4d52-88dc-f5a43b513613" testListId="8c84fa94-04c1-424b-9868-57a2d4851a1d" />
    <TestEntry testId="e0c2c34b-1f3c-d094-2f2a-8ad3016ece9b" executionId="823c22fe-42b5-4037-821b-b5848ee5086f" testListId="8c84fa94-04c1-424b-9868-57a2d4851a1d" />
  </TestEntries>
  <Results>
    <UnitTestResult executionId="e448ace8-45e9-4016-bd7f-2c483befefe5" testId="24c67a76-bbe9-4fc1-be19-cf6bbf6ff5fa" testName="TestTwoThrowsNoMark" computerName="LENOVO-8CF3EC03" duration="00:00:00.0447492" startTime="2012-04-19T18:06:08.7031250+08:00" endTime="2012-04-19T18:06:09.8437500+08:00" testType="13cdc9d9-ddb5-4fa4-a97d-d965ccfc6d4b" outcome="Passed" testListId="8c84fa94-04c1-424b-9868-57a2d4851a1d" relativeResultsDirectory="e448ace8-45e9-4016-bd7f-2c483befefe5">
    </UnitTestResult>
    <UnitTestResult executionId="cff83355-6fd2-4ae4-a11a-4569a075c270" testId="486c8204-6176-7854-7fd5-765251fd96dd" testName="TestSimpleSpare" computerName="LENOVO-8CF3EC03" duration="00:00:00.0006053" startTime="2012-04-19T18:06:09.8750000+08:00" endTime="2012-04-19T18:06:09.8906250+08:00" testType="13cdc9d9-ddb5-4fa4-a97d-d965ccfc6d4b" outcome="Passed" testListId="8c84fa94-04c1-424b-9868-57a2d4851a1d" relativeResultsDirectory="cff83355-6fd2-4ae4-a11a-4569a075c270">
    </UnitTestResult>
    <UnitTestResult executionId="5b780f88-4359-492c-97f5-c31498ccc815" testId="534dd4ea-e99c-c005-cfde-1534f216e828" testName="TestOneThrow" computerName="LENOVO-8CF3EC03" duration="00:00:00.0004461" startTime="2012-04-19T18:06:09.9062500+08:00" endTime="2012-04-19T18:06:09.9218750+08:00" testType="13cdc9d9-ddb5-4fa4-a97d-d965ccfc6d4b" outcome="Passed" testListId="8c84fa94-04c1-424b-9868-57a2d4851a1d" relativeResultsDirectory="5b780f88-4359-492c-97f5-c31498ccc815">
    </UnitTestResult>
    <UnitTestResult executionId="0ec5a438-1da2-4d52-88dc-f5a43b513613" testId="a3d98fb8-a6b1-c0c0-4afb-04520b9ab21a" testName="TestFourThrowsNoMark" computerName="LENOVO-8CF3EC03" duration="00:00:00.0003980" startTime="2012-04-19T18:06:09.9531250+08:00" endTime="2012-04-19T18:06:09.9687500+08:00" testType="13cdc9d9-ddb5-4fa4-a97d-d965ccfc6d4b" outcome="Passed" testListId="8c84fa94-04c1-424b-9868-57a2d4851a1d" relativeResultsDirectory="0ec5a438-1da2-4d52-88dc-f5a43b513613">
    </UnitTestResult>
    <UnitTestResult executionId="823c22fe-42b5-4037-821b-b5848ee5086f" testId="e0c2c34b-1f3c-d094-2f2a-8ad3016ece9b" testName="TestSimpleFrameAfterSpare" computerName="LENOVO-8CF3EC03" duration="00:00:00.0003707" startTime="2012-04-19T18:06:10.0000000+08:00" endTime="2012-04-19T18:06:10.0156250+08:00" testType="13cdc9d9-ddb5-4fa4-a97d-d965ccfc6d4b" outcome="Passed" testListId="8c84fa94-04c1-424b-9868-57a2d4851a1d" relativeResultsDirectory="823c22fe-42b5-4037-821b-b5848ee5086f">
    </UnitTestResult>
  </Results>
</TestRun>