<?xml version="1.0" encoding="UTF-8"?>
<TestRun id="0b5fa4c6-97ca-4593-9e05-f0a1d28ef521" name="Administrator@LENOVO-8CF3EC03 2012-04-19 22:32:17" runUser="LENOVO-8CF3EC03\Administrator" xmlns="http://microsoft.com/schemas/VisualStudio/TeamTest/2010">
  <TestSettings name="本地" id="1702ca55-b2e6-4c19-a36c-a2c662bf31bb">
    <Description>这些设置为本地测试运行的默认测试设置。</Description>
    <Deployment enabled="false" runDeploymentRoot="Administrator_LENOVO-8CF3EC03 2012-04-19 22_32_17">
      <DeploymentItem filename="c:\Documents and Settings\Administrator\My Documents\Visual Studio 2010\Projects\long\long\bin\Debug\@long.exe" />
    </Deployment>
    <Execution>
      <TestTypeSpecific />
      <AgentRule name="Execution Agents">
      </AgentRule>
    </Execution>
  </TestSettings>
  <Times creation="2012-04-19T22:32:17.4218750+08:00" queuing="2012-04-19T22:32:19.4843750+08:00" start="2012-04-19T22:32:19.5468750+08:00" finish="2012-04-19T22:32:20.3750000+08:00" />
  <ResultSummary outcome="Failed">
    <Counters total="10" executed="10" passed="4" error="0" failed="6" timeout="0" aborted="0" inconclusive="0" passedButRunAborted="0" notRunnable="0" notExecuted="0" disconnected="0" warning="0" completed="0" inProgress="0" pending="0" />
  </ResultSummary>
  <TestDefinitions>
    <UnitTest name="TestSimpleFrameAfterSpare" storage="c:\documents and settings\administrator\my documents\visual studio 2010\projects\long\longtest\bin\debug\longtest.dll" id="e0c2c34b-1f3c-d094-2f2a-8ad3016ece9b">
      <Execution id="7fefaf00-8504-45f6-b9fa-88f43e5be9bd" />
      <TestMethod codeBase="c:/Documents and Settings/Administrator/My Documents/Visual Studio 2010/Projects/long/longTest/bin/Debug/longTest.DLL" adapterTypeName="Microsoft.VisualStudio.TestTools.TestTypes.Unit.UnitTestAdapter, Microsoft.VisualStudio.QualityTools.Tips.UnitTest.Adapter, Version=10.0.0.0, Culture=neutral, PublicKeyToken=b03f5f7f11d50a3a" className="longTest.gameTest, longTest, Version=1.0.0.0, Culture=neutral, PublicKeyToken=null" name="TestSimpleFrameAfterSpare" />
    </UnitTest>
    <UnitTest name="TestFourThrowsNoMark" storage="c:\documents and settings\administrator\my documents\visual studio 2010\projects\long\longtest\bin\debug\longtest.dll" id="a3d98fb8-a6b1-c0c0-4afb-04520b9ab21a">
      <Execution id="7d40c24f-c039-4475-b182-f363aa0fcdf1" />
      <TestMethod codeBase="c:/Documents and Settings/Administrator/My Documents/Visual Studio 2010/Projects/long/longTest/bin/Debug/longTest.DLL" adapterTypeName="Microsoft.VisualStudio.TestTools.TestTypes.Unit.UnitTestAdapter, Microsoft.VisualStudio.QualityTools.Tips.UnitTest.Adapter, Version=10.0.0.0, Culture=neutral, PublicKeyToken=b03f5f7f11d50a3a" className="longTest.gameTest, longTest, Version=1.0.0.0, Culture=neutral, PublicKeyToken=null" name="TestFourThrowsNoMark" />
    </UnitTest>
    <UnitTest name="TestTwoThrowsNoMark" storage="c:\documents and settings\administrator\my documents\visual studio 2010\projects\long\longtest\bin\debug\longtest.dll" id="24c67a76-bbe9-4fc1-be19-cf6bbf6ff5fa">
      <Execution id="46200fbf-4ef7-4c35-9420-b278b87ef761" />
      <TestMethod codeBase="c:/Documents and Settings/Administrator/My Documents/Visual Studio 2010/Projects/long/longTest/bin/Debug/longTest.DLL" adapterTypeName="Microsoft.VisualStudio.TestTools.TestTypes.Unit.UnitTestAdapter, Microsoft.VisualStudio.QualityTools.Tips.UnitTest.Adapter, Version=10.0.0.0, Culture=neutral, PublicKeyToken=b03f5f7f11d50a3a" className="longTest.gameTest, longTest, Version=1.0.0.0, Culture=neutral, PublicKeyToken=null" name="TestTwoThrowsNoMark" />
    </UnitTest>
    <UnitTest name="TestTenthFrameSpare" storage="c:\documents and settings\administrator\my documents\visual studio 2010\projects\long\longtest\bin\debug\longtest.dll" id="5a2bc9d9-9ed0-92a0-cda0-1f803901bc5c">
      <Execution id="cc44fdef-f525-4dc5-a8f4-ce80a44bc9ea" />
      <TestMethod codeBase="c:/Documents and Settings/Administrator/My Documents/Visual Studio 2010/Projects/long/longTest/bin/Debug/longTest.DLL" adapterTypeName="Microsoft.VisualStudio.TestTools.TestTypes.Unit.UnitTestAdapter, Microsoft.VisualStudio.QualityTools.Tips.UnitTest.Adapter, Version=10.0.0.0, Culture=neutral, PublicKeyToken=b03f5f7f11d50a3a" className="longTest.gameTest, longTest, Version=1.0.0.0, Culture=neutral, PublicKeyToken=null" name="TestTenthFrameSpare" />
    </UnitTest>
    <UnitTest name="TestPerfectGame" storage="c:\documents and settings\administrator\my documents\visual studio 2010\projects\long\longtest\bin\debug\longtest.dll" id="9d4683a2-462d-019c-ab2c-815c4e464c69">
      <Execution id="dd528449-30a8-4aef-a05c-9f90427fa66b" />
      <TestMethod codeBase="c:/Documents and Settings/Administrator/My Documents/Visual Studio 2010/Projects/long/longTest/bin/Debug/longTest.DLL" adapterTypeName="Microsoft.VisualStudio.TestTools.TestTypes.Unit.UnitTestAdapter, Microsoft.VisualStudio.QualityTools.Tips.UnitTest.Adapter, Version=10.0.0.0, Culture=neutral, PublicKeyToken=b03f5f7f11d50a3a" className="longTest.gameTest, longTest, Version=1.0.0.0, Culture=neutral, PublicKeyToken=null" name="TestPerfectGame" />
    </UnitTest>
    <UnitTest name="TesHeartBreak" storage="c:\documents and settings\administrator\my documents\visual studio 2010\projects\long\longtest\bin\debug\longtest.dll" id="f433bf28-b2e4-a98d-0c8b-bcecec262ca6">
      <Execution id="bbf2fc31-86b2-41a9-95b1-6a81ad948041" />
      <TestMethod codeBase="c:/Documents and Settings/Administrator/My Documents/Visual Studio 2010/Projects/long/longTest/bin/Debug/longTest.DLL" adapterTypeName="Microsoft.VisualStudio.TestTools.TestTypes.Unit.UnitTestAdapter, Microsoft.VisualStudio.QualityTools.Tips.UnitTest.Adapter, Version=10.0.0.0, Culture=neutral, PublicKeyToken=b03f5f7f11d50a3a" className="longTest.gameTest, longTest, Version=1.0.0.0, Culture=neutral, PublicKeyToken=null" name="TesHeartBreak" />
    </UnitTest>
    <UnitTest name="TestSampleGame" storage="c:\documents and settings\administrator\my documents\visual studio 2010\projects\long\longtest\bin\debug\longtest.dll" id="09c7ec2e-1330-24e5-f0fd-255e33ad0c37">
      <Execution id="8a77727f-91aa-4284-b55c-7ce796829781" />
      <TestMethod codeBase="c:/Documents and Settings/Administrator/My Documents/Visual Studio 2010/Projects/long/longTest/bin/Debug/longTest.DLL" adapterTypeName="Microsoft.VisualStudio.TestTools.TestTypes.Unit.UnitTestAdapter, Microsoft.VisualStudio.QualityTools.Tips.UnitTest.Adapter, Version=10.0.0.0, Culture=neutral, PublicKeyToken=b03f5f7f11d50a3a" className="longTest.gameTest, longTest, Version=1.0.0.0, Culture=neutral, PublicKeyToken=null" name="TestSampleGame" />
    </UnitTest>
    <UnitTest name="TestEndOfArray" storage="c:\documents and settings\administrator\my documents\visual studio 2010\projects\long\longtest\bin\debug\longtest.dll" id="64c9a24f-83f2-acd0-85c0-f022e50dda50">
      <Execution id="070c5c79-ff7a-4689-9c59-b448c3b3ad6d" />
      <TestMethod codeBase="c:/Documents and Settings/Administrator/My Documents/Visual Studio 2010/Projects/long/longTest/bin/Debug/longTest.DLL" adapterTypeName="Microsoft.VisualStudio.TestTools.TestTypes.Unit.UnitTestAdapter, Microsoft.VisualStudio.QualityTools.Tips.UnitTest.Adapter, Version=10.0.0.0, Culture=neutral, PublicKeyToken=b03f5f7f11d50a3a" className="longTest.gameTest, longTest, Version=1.0.0.0, Culture=neutral, PublicKeyToken=null" name="TestEndOfArray" />
    </UnitTest>
    <UnitTest name="TestSimpleSpare" storage="c:\documents and settings\administrator\my documents\visual studio 2010\projects\long\longtest\bin\debug\longtest.dll" id="486c8204-6176-7854-7fd5-765251fd96dd">
      <Execution id="91d3b35a-bc60-4f37-aa3f-a7f388554358" />
      <TestMethod codeBase="c:/Documents and Settings/Administrator/My Documents/Visual Studio 2010/Projects/long/longTest/bin/Debug/longTest.DLL" adapterTypeName="Microsoft.VisualStudio.TestTools.TestTypes.Unit.UnitTestAdapter, Microsoft.VisualStudio.QualityTools.Tips.UnitTest.Adapter, Version=10.0.0.0, Culture=neutral, PublicKeyToken=b03f5f7f11d50a3a" className="longTest.gameTest, longTest, Version=1.0.0.0, Culture=neutral, PublicKeyToken=null" name="TestSimpleSpare" />
    </UnitTest>
    <UnitTest name="TestSimpleStrike" storage="c:\documents and settings\administrator\my documents\visual studio 2010\projects\long\longtest\bin\debug\longtest.dll" id="553d1297-df82-a65e-c8d2-6a462b3708f5">
      <Execution id="50d39890-8e2b-47e1-acfc-d36b17e2e96a" />
      <TestMethod codeBase="c:/Documents and Settings/Administrator/My Documents/Visual Studio 2010/Projects/long/longTest/bin/Debug/longTest.DLL" adapterTypeName="Microsoft.VisualStudio.TestTools.TestTypes.Unit.UnitTestAdapter, Microsoft.VisualStudio.QualityTools.Tips.UnitTest.Adapter, Version=10.0.0.0, Culture=neutral, PublicKeyToken=b03f5f7f11d50a3a" className="longTest.gameTest, longTest, Version=1.0.0.0, Culture=neutral, PublicKeyToken=null" name="TestSimpleStrike" />
    </UnitTest>
  </TestDefinitions>
  <TestLists>
    <TestList name="列表中未列出的结果" id="8c84fa94-04c1-424b-9868-57a2d4851a1d" />
    <TestList name="所有已加载的结果" id="19431567-8539-422a-85d7-44ee4e166bda" />
  </TestLists>
  <TestEntries>
    <TestEntry testId="09c7ec2e-1330-24e5-f0fd-255e33ad0c37" executionId="8a77727f-91aa-4284-b55c-7ce796829781" testListId="8c84fa94-04c1-424b-9868-57a2d4851a1d" />
    <TestEntry testId="24c67a76-bbe9-4fc1-be19-cf6bbf6ff5fa" executionId="46200fbf-4ef7-4c35-9420-b278b87ef761" testListId="8c84fa94-04c1-424b-9868-57a2d4851a1d" />
    <TestEntry testId="486c8204-6176-7854-7fd5-765251fd96dd" executionId="91d3b35a-bc60-4f37-aa3f-a7f388554358" testListId="8c84fa94-04c1-424b-9868-57a2d4851a1d" />
    <TestEntry testId="553d1297-df82-a65e-c8d2-6a462b3708f5" executionId="50d39890-8e2b-47e1-acfc-d36b17e2e96a" testListId="8c84fa94-04c1-424b-9868-57a2d4851a1d" />
    <TestEntry testId="5a2bc9d9-9ed0-92a0-cda0-1f803901bc5c" executionId="cc44fdef-f525-4dc5-a8f4-ce80a44bc9ea" testListId="8c84fa94-04c1-424b-9868-57a2d4851a1d" />
    <TestEntry testId="64c9a24f-83f2-acd0-85c0-f022e50dda50" executionId="070c5c79-ff7a-4689-9c59-b448c3b3ad6d" testListId="8c84fa94-04c1-424b-9868-57a2d4851a1d" />
    <TestEntry testId="9d4683a2-462d-019c-ab2c-815c4e464c69" executionId="dd528449-30a8-4aef-a05c-9f90427fa66b" testListId="8c84fa94-04c1-424b-9868-57a2d4851a1d" />
    <TestEntry testId="a3d98fb8-a6b1-c0c0-4afb-04520b9ab21a" executionId="7d40c24f-c039-4475-b182-f363aa0fcdf1" testListId="8c84fa94-04c1-424b-9868-57a2d4851a1d" />
    <TestEntry testId="e0c2c34b-1f3c-d094-2f2a-8ad3016ece9b" executionId="7fefaf00-8504-45f6-b9fa-88f43e5be9bd" testListId="8c84fa94-04c1-424b-9868-57a2d4851a1d" />
    <TestEntry testId="f433bf28-b2e4-a98d-0c8b-bcecec262ca6" executionId="bbf2fc31-86b2-41a9-95b1-6a81ad948041" testListId="8c84fa94-04c1-424b-9868-57a2d4851a1d" />
  </TestEntries>
  <Results>
    <UnitTestResult executionId="8a77727f-91aa-4284-b55c-7ce796829781" testId="09c7ec2e-1330-24e5-f0fd-255e33ad0c37" testName="TestSampleGame" computerName="LENOVO-8CF3EC03" duration="00:00:00.0599548" startTime="2012-04-19T22:32:19.5937500+08:00" endTime="2012-04-19T22:32:20.1562500+08:00" testType="13cdc9d9-ddb5-4fa4-a97d-d965ccfc6d4b" outcome="Failed" testListId="8c84fa94-04c1-424b-9868-57a2d4851a1d" relativeResultsDirectory="8a77727f-91aa-4284-b55c-7ce796829781">
      <Output>
        <ErrorInfo>
          <Message>测试方法 longTest.gameTest.TestSampleGame 引发了异常: 
System.NullReferenceException: 未将对象引用设置到对象的实例。</Message>
          <StackTrace>    在 longTest.gameTest.TestSampleGame() 位置 c:\Documents and Settings\Administrator\My Documents\Visual Studio 2010\Projects\long\longTest\gameTest.cs:行号 166
</StackTrace>
        </ErrorInfo>
      </Output>
    </UnitTestResult>
    <UnitTestResult executionId="46200fbf-4ef7-4c35-9420-b278b87ef761" testId="24c67a76-bbe9-4fc1-be19-cf6bbf6ff5fa" testName="TestTwoThrowsNoMark" computerName="LENOVO-8CF3EC03" duration="00:00:00.0028514" startTime="2012-04-19T22:32:20.1718750+08:00" endTime="2012-04-19T22:32:20.1875000+08:00" testType="13cdc9d9-ddb5-4fa4-a97d-d965ccfc6d4b" outcome="Passed" testListId="8c84fa94-04c1-424b-9868-57a2d4851a1d" relativeResultsDirectory="46200fbf-4ef7-4c35-9420-b278b87ef761">
    </UnitTestResult>
    <UnitTestResult executionId="91d3b35a-bc60-4f37-aa3f-a7f388554358" testId="486c8204-6176-7854-7fd5-765251fd96dd" testName="TestSimpleSpare" computerName="LENOVO-8CF3EC03" duration="00:00:00.0009361" startTime="2012-04-19T22:32:20.1875000+08:00" endTime="2012-04-19T22:32:20.2031250+08:00" testType="13cdc9d9-ddb5-4fa4-a97d-d965ccfc6d4b" outcome="Passed" testListId="8c84fa94-04c1-424b-9868-57a2d4851a1d" relativeResultsDirectory="91d3b35a-bc60-4f37-aa3f-a7f388554358">
    </UnitTestResult>
    <UnitTestResult executionId="50d39890-8e2b-47e1-acfc-d36b17e2e96a" testId="553d1297-df82-a65e-c8d2-6a462b3708f5" testName="TestSimpleStrike" computerName="LENOVO-8CF3EC03" duration="00:00:00.0020156" startTime="2012-04-19T22:32:20.2031250+08:00" endTime="2012-04-19T22:32:20.2187500+08:00" testType="13cdc9d9-ddb5-4fa4-a97d-d965ccfc6d4b" outcome="Failed" testListId="8c84fa94-04c1-424b-9868-57a2d4851a1d" relativeResultsDirectory="50d39890-8e2b-47e1-acfc-d36b17e2e96a">
      <Output>
        <ErrorInfo>
          <Message>测试方法 longTest.gameTest.TestSimpleStrike 引发了异常: 
System.NullReferenceException: 未将对象引用设置到对象的实例。</Message>
          <StackTrace>    在 longTest.gameTest.TestSimpleStrike() 位置 c:\Documents and Settings\Administrator\My Documents\Visual Studio 2010\Projects\long\longTest\gameTest.cs:行号 132
</StackTrace>
        </ErrorInfo>
      </Output>
    </UnitTestResult>
    <UnitTestResult executionId="cc44fdef-f525-4dc5-a8f4-ce80a44bc9ea" testId="5a2bc9d9-9ed0-92a0-cda0-1f803901bc5c" testName="TestTenthFrameSpare" computerName="LENOVO-8CF3EC03" duration="00:00:00.0020374" startTime="2012-04-19T22:32:20.2187500+08:00" endTime="2012-04-19T22:32:20.2343750+08:00" testType="13cdc9d9-ddb5-4fa4-a97d-d965ccfc6d4b" outcome="Failed" testListId="8c84fa94-04c1-424b-9868-57a2d4851a1d" relativeResultsDirectory="cc44fdef-f525-4dc5-a8f4-ce80a44bc9ea">
      <Output>
        <ErrorInfo>
          <Message>测试方法 longTest.gameTest.TestTenthFrameSpare 引发了异常: 
System.NullReferenceException: 未将对象引用设置到对象的实例。</Message>
          <StackTrace>    在 longTest.gameTest.TestTenthFrameSpare() 位置 c:\Documents and Settings\Administrator\My Documents\Visual Studio 2010\Projects\long\longTest\gameTest.cs:行号 201
</StackTrace>
        </ErrorInfo>
      </Output>
    </UnitTestResult>
    <UnitTestResult executionId="070c5c79-ff7a-4689-9c59-b448c3b3ad6d" testId="64c9a24f-83f2-acd0-85c0-f022e50dda50" testName="TestEndOfArray" computerName="LENOVO-8CF3EC03" duration="00:00:00.0020041" startTime="2012-04-19T22:32:20.2500000+08:00" endTime="2012-04-19T22:32:20.2500000+08:00" testType="13cdc9d9-ddb5-4fa4-a97d-d965ccfc6d4b" outcome="Failed" testListId="8c84fa94-04c1-424b-9868-57a2d4851a1d" relativeResultsDirectory="070c5c79-ff7a-4689-9c59-b448c3b3ad6d">
      <Output>
        <ErrorInfo>
          <Message>测试方法 longTest.gameTest.TestEndOfArray 引发了异常: 
System.NullReferenceException: 未将对象引用设置到对象的实例。</Message>
          <StackTrace>    在 longTest.gameTest.TestEndOfArray() 位置 c:\Documents and Settings\Administrator\My Documents\Visual Studio 2010\Projects\long\longTest\gameTest.cs:行号 154
</StackTrace>
        </ErrorInfo>
      </Output>
    </UnitTestResult>
    <UnitTestResult executionId="dd528449-30a8-4aef-a05c-9f90427fa66b" testId="9d4683a2-462d-019c-ab2c-815c4e464c69" testName="TestPerfectGame" computerName="LENOVO-8CF3EC03" duration="00:00:00.0019731" startTime="2012-04-19T22:32:20.2656250+08:00" endTime="2012-04-19T22:32:20.2812500+08:00" testType="13cdc9d9-ddb5-4fa4-a97d-d965ccfc6d4b" outcome="Failed" testListId="8c84fa94-04c1-424b-9868-57a2d4851a1d" relativeResultsDirectory="dd528449-30a8-4aef-a05c-9f90427fa66b">
      <Output>
        <ErrorInfo>
          <Message>测试方法 longTest.gameTest.TestPerfectGame 引发了异常: 
System.NullReferenceException: 未将对象引用设置到对象的实例。</Message>
          <StackTrace>    在 longTest.gameTest.TestPerfectGame() 位置 c:\Documents and Settings\Administrator\My Documents\Visual Studio 2010\Projects\long\longTest\gameTest.cs:行号 144
</StackTrace>
        </ErrorInfo>
      </Output>
    </UnitTestResult>
    <UnitTestResult executionId="7d40c24f-c039-4475-b182-f363aa0fcdf1" testId="a3d98fb8-a6b1-c0c0-4afb-04520b9ab21a" testName="TestFourThrowsNoMark" computerName="LENOVO-8CF3EC03" duration="00:00:00.0004142" startTime="2012-04-19T22:32:20.2812500+08:00" endTime="2012-04-19T22:32:20.2968750+08:00" testType="13cdc9d9-ddb5-4fa4-a97d-d965ccfc6d4b" outcome="Passed" testListId="8c84fa94-04c1-424b-9868-57a2d4851a1d" relativeResultsDirectory="7d40c24f-c039-4475-b182-f363aa0fcdf1">
    </UnitTestResult>
    <UnitTestResult executionId="7fefaf00-8504-45f6-b9fa-88f43e5be9bd" testId="e0c2c34b-1f3c-d094-2f2a-8ad3016ece9b" testName="TestSimpleFrameAfterSpare" computerName="LENOVO-8CF3EC03" duration="00:00:00.0003514" startTime="2012-04-19T22:32:20.2968750+08:00" endTime="2012-04-19T22:32:20.3125000+08:00" testType="13cdc9d9-ddb5-4fa4-a97d-d965ccfc6d4b" outcome="Passed" testListId="8c84fa94-04c1-424b-9868-57a2d4851a1d" relativeResultsDirectory="7fefaf00-8504-45f6-b9fa-88f43e5be9bd">
    </UnitTestResult>
    <UnitTestResult executionId="bbf2fc31-86b2-41a9-95b1-6a81ad948041" testId="f433bf28-b2e4-a98d-0c8b-bcecec262ca6" testName="TesHeartBreak" computerName="LENOVO-8CF3EC03" duration="00:00:00.0021027" startTime="2012-04-19T22:32:20.3125000+08:00" endTime="2012-04-19T22:32:20.3281250+08:00" testType="13cdc9d9-ddb5-4fa4-a97d-d965ccfc6d4b" outcome="Failed" testListId="8c84fa94-04c1-424b-9868-57a2d4851a1d" relativeResultsDirectory="bbf2fc31-86b2-41a9-95b1-6a81ad948041">
      <Output>
        <ErrorInfo>
          <Message>测试方法 longTest.gameTest.TesHeartBreak 引发了异常: 
System.NullReferenceException: 未将对象引用设置到对象的实例。</Message>
          <StackTrace>    在 longTest.gameTest.TesHeartBreak() 位置 c:\Documents and Settings\Administrator\My Documents\Visual Studio 2010\Projects\long\longTest\gameTest.cs:行号 192
</StackTrace>
        </ErrorInfo>
      </Output>
    </UnitTestResult>
  </Results>
</TestRun>