<?xml version="1.0" encoding="UTF-8"?>
<TestRun id="08fedf25-d024-4bed-a948-3ced3958732b" name="Administrator@LENOVO-8CF3EC03 2012-04-19 22:21:49" runUser="LENOVO-8CF3EC03\Administrator" xmlns="http://microsoft.com/schemas/VisualStudio/TeamTest/2010">
  <TestSettings name="本地" id="1702ca55-b2e6-4c19-a36c-a2c662bf31bb">
    <Description>这些设置为本地测试运行的默认测试设置。</Description>
    <Deployment enabled="false" runDeploymentRoot="Administrator_LENOVO-8CF3EC03 2012-04-19 22_21_49">
      <DeploymentItem filename="c:\Documents and Settings\Administrator\My Documents\Visual Studio 2010\Projects\long\long\bin\Debug\@long.exe" />
    </Deployment>
    <Execution>
      <TestTypeSpecific />
      <AgentRule name="Execution Agents">
      </AgentRule>
    </Execution>
  </TestSettings>
  <Times creation="2012-04-19T22:21:49.4218750+08:00" queuing="2012-04-19T22:21:51.1250000+08:00" start="2012-04-19T22:21:51.1406250+08:00" finish="2012-04-19T22:21:51.8281250+08:00" />
  <ResultSummary outcome="Failed">
    <Counters total="10" executed="10" passed="3" error="0" failed="7" timeout="0" aborted="0" inconclusive="0" passedButRunAborted="0" notRunnable="0" notExecuted="0" disconnected="0" warning="0" completed="0" inProgress="0" pending="0" />
  </ResultSummary>
  <TestDefinitions>
    <UnitTest name="TestSimpleFrameAfterSpare" storage="c:\documents and settings\administrator\my documents\visual studio 2010\projects\long\longtest\bin\debug\longtest.dll" id="e0c2c34b-1f3c-d094-2f2a-8ad3016ece9b">
      <Execution id="89cb74f8-4648-498c-863a-4e6d5e037815" />
      <TestMethod codeBase="c:/Documents and Settings/Administrator/My Documents/Visual Studio 2010/Projects/long/longTest/bin/Debug/longTest.DLL" adapterTypeName="Microsoft.VisualStudio.TestTools.TestTypes.Unit.UnitTestAdapter, Microsoft.VisualStudio.QualityTools.Tips.UnitTest.Adapter, Version=10.0.0.0, Culture=neutral, PublicKeyToken=b03f5f7f11d50a3a" className="longTest.gameTest, longTest, Version=1.0.0.0, Culture=neutral, PublicKeyToken=null" name="TestSimpleFrameAfterSpare" />
    </UnitTest>
    <UnitTest name="TestFourThrowsNoMark" storage="c:\documents and settings\administrator\my documents\visual studio 2010\projects\long\longtest\bin\debug\longtest.dll" id="a3d98fb8-a6b1-c0c0-4afb-04520b9ab21a">
      <Execution id="cb9547c6-899c-4ccd-aa50-56e6c341371b" />
      <TestMethod codeBase="c:/Documents and Settings/Administrator/My Documents/Visual Studio 2010/Projects/long/longTest/bin/Debug/longTest.DLL" adapterTypeName="Microsoft.VisualStudio.TestTools.TestTypes.Unit.UnitTestAdapter, Microsoft.VisualStudio.QualityTools.Tips.UnitTest.Adapter, Version=10.0.0.0, Culture=neutral, PublicKeyToken=b03f5f7f11d50a3a" className="longTest.gameTest, longTest, Version=1.0.0.0, Culture=neutral, PublicKeyToken=null" name="TestFourThrowsNoMark" />
    </UnitTest>
    <UnitTest name="TestTwoThrowsNoMark" storage="c:\documents and settings\administrator\my documents\visual studio 2010\projects\long\longtest\bin\debug\longtest.dll" id="24c67a76-bbe9-4fc1-be19-cf6bbf6ff5fa">
      <Execution id="dd88f29b-eb56-477e-94b9-e05005662216" />
      <TestMethod codeBase="c:/Documents and Settings/Administrator/My Documents/Visual Studio 2010/Projects/long/longTest/bin/Debug/longTest.DLL" adapterTypeName="Microsoft.VisualStudio.TestTools.TestTypes.Unit.UnitTestAdapter, Microsoft.VisualStudio.QualityTools.Tips.UnitTest.Adapter, Version=10.0.0.0, Culture=neutral, PublicKeyToken=b03f5f7f11d50a3a" className="longTest.gameTest, longTest, Version=1.0.0.0, Culture=neutral, PublicKeyToken=null" name="TestTwoThrowsNoMark" />
    </UnitTest>
    <UnitTest name="TestTenthFrameSpare" storage="c:\documents and settings\administrator\my documents\visual studio 2010\projects\long\longtest\bin\debug\longtest.dll" id="5a2bc9d9-9ed0-92a0-cda0-1f803901bc5c">
      <Execution id="c24f209b-8c96-45f1-9ae8-fdb08f1baf8b" />
      <TestMethod codeBase="c:/Documents and Settings/Administrator/My Documents/Visual Studio 2010/Projects/long/longTest/bin/Debug/longTest.DLL" adapterTypeName="Microsoft.VisualStudio.TestTools.TestTypes.Unit.UnitTestAdapter, Microsoft.VisualStudio.QualityTools.Tips.UnitTest.Adapter, Version=10.0.0.0, Culture=neutral, PublicKeyToken=b03f5f7f11d50a3a" className="longTest.gameTest, longTest, Version=1.0.0.0, Culture=neutral, PublicKeyToken=null" name="TestTenthFrameSpare" />
    </UnitTest>
    <UnitTest name="TestPerfectGame" storage="c:\documents and settings\administrator\my documents\visual studio 2010\projects\long\longtest\bin\debug\longtest.dll" id="9d4683a2-462d-019c-ab2c-815c4e464c69">
      <Execution id="dbccdd8a-1409-4729-a41a-d5cc6b1f2358" />
      <TestMethod codeBase="c:/Documents and Settings/Administrator/My Documents/Visual Studio 2010/Projects/long/longTest/bin/Debug/longTest.DLL" adapterTypeName="Microsoft.VisualStudio.TestTools.TestTypes.Unit.UnitTestAdapter, Microsoft.VisualStudio.QualityTools.Tips.UnitTest.Adapter, Version=10.0.0.0, Culture=neutral, PublicKeyToken=b03f5f7f11d50a3a" className="longTest.gameTest, longTest, Version=1.0.0.0, Culture=neutral, PublicKeyToken=null" name="TestPerfectGame" />
    </UnitTest>
    <UnitTest name="TesHeartBreak" storage="c:\documents and settings\administrator\my documents\visual studio 2010\projects\long\longtest\bin\debug\longtest.dll" id="f433bf28-b2e4-a98d-0c8b-bcecec262ca6">
      <Execution id="24adaf2c-1081-4917-ba06-69614c972b0d" />
      <TestMethod codeBase="c:/Documents and Settings/Administrator/My Documents/Visual Studio 2010/Projects/long/longTest/bin/Debug/longTest.DLL" adapterTypeName="Microsoft.VisualStudio.TestTools.TestTypes.Unit.UnitTestAdapter, Microsoft.VisualStudio.QualityTools.Tips.UnitTest.Adapter, Version=10.0.0.0, Culture=neutral, PublicKeyToken=b03f5f7f11d50a3a" className="longTest.gameTest, longTest, Version=1.0.0.0, Culture=neutral, PublicKeyToken=null" name="TesHeartBreak" />
    </UnitTest>
    <UnitTest name="TestSampleGame" storage="c:\documents and settings\administrator\my documents\visual studio 2010\projects\long\longtest\bin\debug\longtest.dll" id="09c7ec2e-1330-24e5-f0fd-255e33ad0c37">
      <Execution id="a10773e1-83be-4263-b8dc-c5be5193aff0" />
      <TestMethod codeBase="c:/Documents and Settings/Administrator/My Documents/Visual Studio 2010/Projects/long/longTest/bin/Debug/longTest.DLL" adapterTypeName="Microsoft.VisualStudio.TestTools.TestTypes.Unit.UnitTestAdapter, Microsoft.VisualStudio.QualityTools.Tips.UnitTest.Adapter, Version=10.0.0.0, Culture=neutral, PublicKeyToken=b03f5f7f11d50a3a" className="longTest.gameTest, longTest, Version=1.0.0.0, Culture=neutral, PublicKeyToken=null" name="TestSampleGame" />
    </UnitTest>
    <UnitTest name="TestEndOfArray" storage="c:\documents and settings\administrator\my documents\visual studio 2010\projects\long\longtest\bin\debug\longtest.dll" id="64c9a24f-83f2-acd0-85c0-f022e50dda50">
      <Execution id="bd8dbc11-1dcc-4553-bca4-a31e37a19695" />
      <TestMethod codeBase="c:/Documents and Settings/Administrator/My Documents/Visual Studio 2010/Projects/long/longTest/bin/Debug/longTest.DLL" adapterTypeName="Microsoft.VisualStudio.TestTools.TestTypes.Unit.UnitTestAdapter, Microsoft.VisualStudio.QualityTools.Tips.UnitTest.Adapter, Version=10.0.0.0, Culture=neutral, PublicKeyToken=b03f5f7f11d50a3a" className="longTest.gameTest, longTest, Version=1.0.0.0, Culture=neutral, PublicKeyToken=null" name="TestEndOfArray" />
    </UnitTest>
    <UnitTest name="TestSimpleSpare" storage="c:\documents and settings\administrator\my documents\visual studio 2010\projects\long\longtest\bin\debug\longtest.dll" id="486c8204-6176-7854-7fd5-765251fd96dd">
      <Execution id="48874c99-30b0-457d-b7b8-e62c162eebd6" />
      <TestMethod codeBase="c:/Documents and Settings/Administrator/My Documents/Visual Studio 2010/Projects/long/longTest/bin/Debug/longTest.DLL" adapterTypeName="Microsoft.VisualStudio.TestTools.TestTypes.Unit.UnitTestAdapter, Microsoft.VisualStudio.QualityTools.Tips.UnitTest.Adapter, Version=10.0.0.0, Culture=neutral, PublicKeyToken=b03f5f7f11d50a3a" className="longTest.gameTest, longTest, Version=1.0.0.0, Culture=neutral, PublicKeyToken=null" name="TestSimpleSpare" />
    </UnitTest>
    <UnitTest name="TestSimpleStrike" storage="c:\documents and settings\administrator\my documents\visual studio 2010\projects\long\longtest\bin\debug\longtest.dll" id="553d1297-df82-a65e-c8d2-6a462b3708f5">
      <Execution id="d3af22e1-a375-4ed6-bd21-cfdaa3e7d455" />
      <TestMethod codeBase="c:/Documents and Settings/Administrator/My Documents/Visual Studio 2010/Projects/long/longTest/bin/Debug/longTest.DLL" adapterTypeName="Microsoft.VisualStudio.TestTools.TestTypes.Unit.UnitTestAdapter, Microsoft.VisualStudio.QualityTools.Tips.UnitTest.Adapter, Version=10.0.0.0, Culture=neutral, PublicKeyToken=b03f5f7f11d50a3a" className="longTest.gameTest, longTest, Version=1.0.0.0, Culture=neutral, PublicKeyToken=null" name="TestSimpleStrike" />
    </UnitTest>
  </TestDefinitions>
  <TestLists>
    <TestList name="列表中未列出的结果" id="8c84fa94-04c1-424b-9868-57a2d4851a1d" />
    <TestList name="所有已加载的结果" id="19431567-8539-422a-85d7-44ee4e166bda" />
  </TestLists>
  <TestEntries>
    <TestEntry testId="09c7ec2e-1330-24e5-f0fd-255e33ad0c37" executionId="a10773e1-83be-4263-b8dc-c5be5193aff0" testListId="8c84fa94-04c1-424b-9868-57a2d4851a1d" />
    <TestEntry testId="24c67a76-bbe9-4fc1-be19-cf6bbf6ff5fa" executionId="dd88f29b-eb56-477e-94b9-e05005662216" testListId="8c84fa94-04c1-424b-9868-57a2d4851a1d" />
    <TestEntry testId="486c8204-6176-7854-7fd5-765251fd96dd" executionId="48874c99-30b0-457d-b7b8-e62c162eebd6" testListId="8c84fa94-04c1-424b-9868-57a2d4851a1d" />
    <TestEntry testId="553d1297-df82-a65e-c8d2-6a462b3708f5" executionId="d3af22e1-a375-4ed6-bd21-cfdaa3e7d455" testListId="8c84fa94-04c1-424b-9868-57a2d4851a1d" />
    <TestEntry testId="5a2bc9d9-9ed0-92a0-cda0-1f803901bc5c" executionId="c24f209b-8c96-45f1-9ae8-fdb08f1baf8b" testListId="8c84fa94-04c1-424b-9868-57a2d4851a1d" />
    <TestEntry testId="64c9a24f-83f2-acd0-85c0-f022e50dda50" executionId="bd8dbc11-1dcc-4553-bca4-a31e37a19695" testListId="8c84fa94-04c1-424b-9868-57a2d4851a1d" />
    <TestEntry testId="9d4683a2-462d-019c-ab2c-815c4e464c69" executionId="dbccdd8a-1409-4729-a41a-d5cc6b1f2358" testListId="8c84fa94-04c1-424b-9868-57a2d4851a1d" />
    <TestEntry testId="a3d98fb8-a6b1-c0c0-4afb-04520b9ab21a" executionId="cb9547c6-899c-4ccd-aa50-56e6c341371b" testListId="8c84fa94-04c1-424b-9868-57a2d4851a1d" />
    <TestEntry testId="e0c2c34b-1f3c-d094-2f2a-8ad3016ece9b" executionId="89cb74f8-4648-498c-863a-4e6d5e037815" testListId="8c84fa94-04c1-424b-9868-57a2d4851a1d" />
    <TestEntry testId="f433bf28-b2e4-a98d-0c8b-bcecec262ca6" executionId="24adaf2c-1081-4917-ba06-69614c972b0d" testListId="8c84fa94-04c1-424b-9868-57a2d4851a1d" />
  </TestEntries>
  <Results>
    <UnitTestResult executionId="a10773e1-83be-4263-b8dc-c5be5193aff0" testId="09c7ec2e-1330-24e5-f0fd-255e33ad0c37" testName="TestSampleGame" computerName="LENOVO-8CF3EC03" duration="00:00:00.0464324" startTime="2012-04-19T22:21:51.1562500+08:00" endTime="2012-04-19T22:21:51.5468750+08:00" testType="13cdc9d9-ddb5-4fa4-a97d-d965ccfc6d4b" outcome="Failed" testListId="8c84fa94-04c1-424b-9868-57a2d4851a1d" relativeResultsDirectory="a10773e1-83be-4263-b8dc-c5be5193aff0">
      <Output>
        <ErrorInfo>
          <Message>测试方法 longTest.gameTest.TestSampleGame 引发了异常: 
System.NullReferenceException: 未将对象引用设置到对象的实例。</Message>
          <StackTrace>    在 longTest.gameTest.TestSampleGame() 位置 c:\Documents and Settings\Administrator\My Documents\Visual Studio 2010\Projects\long\longTest\gameTest.cs:行号 166
</StackTrace>
        </ErrorInfo>
      </Output>
    </UnitTestResult>
    <UnitTestResult executionId="dd88f29b-eb56-477e-94b9-e05005662216" testId="24c67a76-bbe9-4fc1-be19-cf6bbf6ff5fa" testName="TestTwoThrowsNoMark" computerName="LENOVO-8CF3EC03" duration="00:00:00.0028338" startTime="2012-04-19T22:21:51.5625000+08:00" endTime="2012-04-19T22:21:51.5781250+08:00" testType="13cdc9d9-ddb5-4fa4-a97d-d965ccfc6d4b" outcome="Passed" testListId="8c84fa94-04c1-424b-9868-57a2d4851a1d" relativeResultsDirectory="dd88f29b-eb56-477e-94b9-e05005662216">
    </UnitTestResult>
    <UnitTestResult executionId="48874c99-30b0-457d-b7b8-e62c162eebd6" testId="486c8204-6176-7854-7fd5-765251fd96dd" testName="TestSimpleSpare" computerName="LENOVO-8CF3EC03" duration="00:00:00.0011867" startTime="2012-04-19T22:21:51.5937500+08:00" endTime="2012-04-19T22:21:51.5937500+08:00" testType="13cdc9d9-ddb5-4fa4-a97d-d965ccfc6d4b" outcome="Passed" testListId="8c84fa94-04c1-424b-9868-57a2d4851a1d" relativeResultsDirectory="48874c99-30b0-457d-b7b8-e62c162eebd6">
    </UnitTestResult>
    <UnitTestResult executionId="d3af22e1-a375-4ed6-bd21-cfdaa3e7d455" testId="553d1297-df82-a65e-c8d2-6a462b3708f5" testName="TestSimpleStrike" computerName="LENOVO-8CF3EC03" duration="00:00:00.0193588" startTime="2012-04-19T22:21:51.6093750+08:00" endTime="2012-04-19T22:21:51.6406250+08:00" testType="13cdc9d9-ddb5-4fa4-a97d-d965ccfc6d4b" outcome="Failed" testListId="8c84fa94-04c1-424b-9868-57a2d4851a1d" relativeResultsDirectory="d3af22e1-a375-4ed6-bd21-cfdaa3e7d455">
      <Output>
        <ErrorInfo>
          <Message>测试方法 longTest.gameTest.TestSimpleStrike 引发了异常: 
System.NullReferenceException: 未将对象引用设置到对象的实例。</Message>
          <StackTrace>    在 longTest.gameTest.TestSimpleStrike() 位置 c:\Documents and Settings\Administrator\My Documents\Visual Studio 2010\Projects\long\longTest\gameTest.cs:行号 132
</StackTrace>
        </ErrorInfo>
      </Output>
    </UnitTestResult>
    <UnitTestResult executionId="c24f209b-8c96-45f1-9ae8-fdb08f1baf8b" testId="5a2bc9d9-9ed0-92a0-cda0-1f803901bc5c" testName="TestTenthFrameSpare" computerName="LENOVO-8CF3EC03" duration="00:00:00.0061795" startTime="2012-04-19T22:21:51.6562500+08:00" endTime="2012-04-19T22:21:51.6718750+08:00" testType="13cdc9d9-ddb5-4fa4-a97d-d965ccfc6d4b" outcome="Failed" testListId="8c84fa94-04c1-424b-9868-57a2d4851a1d" relativeResultsDirectory="c24f209b-8c96-45f1-9ae8-fdb08f1baf8b">
      <Output>
        <ErrorInfo>
          <Message>测试方法 longTest.gameTest.TestTenthFrameSpare 引发了异常: 
System.NullReferenceException: 未将对象引用设置到对象的实例。</Message>
          <StackTrace>    在 longTest.gameTest.TestTenthFrameSpare() 位置 c:\Documents and Settings\Administrator\My Documents\Visual Studio 2010\Projects\long\longTest\gameTest.cs:行号 201
</StackTrace>
        </ErrorInfo>
      </Output>
    </UnitTestResult>
    <UnitTestResult executionId="bd8dbc11-1dcc-4553-bca4-a31e37a19695" testId="64c9a24f-83f2-acd0-85c0-f022e50dda50" testName="TestEndOfArray" computerName="LENOVO-8CF3EC03" duration="00:00:00.0019083" startTime="2012-04-19T22:21:51.6718750+08:00" endTime="2012-04-19T22:21:51.6875000+08:00" testType="13cdc9d9-ddb5-4fa4-a97d-d965ccfc6d4b" outcome="Failed" testListId="8c84fa94-04c1-424b-9868-57a2d4851a1d" relativeResultsDirectory="bd8dbc11-1dcc-4553-bca4-a31e37a19695">
      <Output>
        <ErrorInfo>
          <Message>测试方法 longTest.gameTest.TestEndOfArray 引发了异常: 
System.NullReferenceException: 未将对象引用设置到对象的实例。</Message>
          <StackTrace>    在 longTest.gameTest.TestEndOfArray() 位置 c:\Documents and Settings\Administrator\My Documents\Visual Studio 2010\Projects\long\longTest\gameTest.cs:行号 154
</StackTrace>
        </ErrorInfo>
      </Output>
    </UnitTestResult>
    <UnitTestResult executionId="dbccdd8a-1409-4729-a41a-d5cc6b1f2358" testId="9d4683a2-462d-019c-ab2c-815c4e464c69" testName="TestPerfectGame" computerName="LENOVO-8CF3EC03" duration="00:00:00.0018228" startTime="2012-04-19T22:21:51.6875000+08:00" endTime="2012-04-19T22:21:51.6875000+08:00" testType="13cdc9d9-ddb5-4fa4-a97d-d965ccfc6d4b" outcome="Failed" testListId="8c84fa94-04c1-424b-9868-57a2d4851a1d" relativeResultsDirectory="dbccdd8a-1409-4729-a41a-d5cc6b1f2358">
      <Output>
        <ErrorInfo>
          <Message>测试方法 longTest.gameTest.TestPerfectGame 引发了异常: 
System.NullReferenceException: 未将对象引用设置到对象的实例。</Message>
          <StackTrace>    在 longTest.gameTest.TestPerfectGame() 位置 c:\Documents and Settings\Administrator\My Documents\Visual Studio 2010\Projects\long\longTest\gameTest.cs:行号 144
</StackTrace>
        </ErrorInfo>
      </Output>
    </UnitTestResult>
    <UnitTestResult executionId="cb9547c6-899c-4ccd-aa50-56e6c341371b" testId="a3d98fb8-a6b1-c0c0-4afb-04520b9ab21a" testName="TestFourThrowsNoMark" computerName="LENOVO-8CF3EC03" duration="00:00:00.0003536" startTime="2012-04-19T22:21:51.7031250+08:00" endTime="2012-04-19T22:21:51.7031250+08:00" testType="13cdc9d9-ddb5-4fa4-a97d-d965ccfc6d4b" outcome="Passed" testListId="8c84fa94-04c1-424b-9868-57a2d4851a1d" relativeResultsDirectory="cb9547c6-899c-4ccd-aa50-56e6c341371b">
    </UnitTestResult>
    <UnitTestResult executionId="89cb74f8-4648-498c-863a-4e6d5e037815" testId="e0c2c34b-1f3c-d094-2f2a-8ad3016ece9b" testName="TestSimpleFrameAfterSpare" computerName="LENOVO-8CF3EC03" duration="00:00:00.0178098" startTime="2012-04-19T22:21:51.7031250+08:00" endTime="2012-04-19T22:21:51.7500000+08:00" testType="13cdc9d9-ddb5-4fa4-a97d-d965ccfc6d4b" outcome="Failed" testListId="8c84fa94-04c1-424b-9868-57a2d4851a1d" relativeResultsDirectory="89cb74f8-4648-498c-863a-4e6d5e037815">
      <Output>
        <ErrorInfo>
          <Message>Assert.AreEqual 失败。应为: &lt;18&gt;，实际为: &lt;15&gt;。</Message>
          <StackTrace>   在 longTest.gameTest.TestSimpleFrameAfterSpare() 位置 c:\Documents and Settings\Administrator\My Documents\Visual Studio 2010\Projects\long\longTest\gameTest.cs:行号 126
</StackTrace>
        </ErrorInfo>
      </Output>
    </UnitTestResult>
    <UnitTestResult executionId="24adaf2c-1081-4917-ba06-69614c972b0d" testId="f433bf28-b2e4-a98d-0c8b-bcecec262ca6" testName="TesHeartBreak" computerName="LENOVO-8CF3EC03" duration="00:00:00.0025344" startTime="2012-04-19T22:21:51.7656250+08:00" endTime="2012-04-19T22:21:51.7812500+08:00" testType="13cdc9d9-ddb5-4fa4-a97d-d965ccfc6d4b" outcome="Failed" testListId="8c84fa94-04c1-424b-9868-57a2d4851a1d" relativeResultsDirectory="24adaf2c-1081-4917-ba06-69614c972b0d">
      <Output>
        <ErrorInfo>
          <Message>测试方法 longTest.gameTest.TesHeartBreak 引发了异常: 
System.NullReferenceException: 未将对象引用设置到对象的实例。</Message>
          <StackTrace>    在 longTest.gameTest.TesHeartBreak() 位置 c:\Documents and Settings\Administrator\My Documents\Visual Studio 2010\Projects\long\longTest\gameTest.cs:行号 192
</StackTrace>
        </ErrorInfo>
      </Output>
    </UnitTestResult>
  </Results>
</TestRun>