<?xml version="1.0" encoding="UTF-8"?>
<TestRun id="e48a2565-bbd3-4023-b193-e03fa910c621" name="Administrator@LENOVO-8CF3EC03 2012-04-19 22:40:34" runUser="LENOVO-8CF3EC03\Administrator" xmlns="http://microsoft.com/schemas/VisualStudio/TeamTest/2010">
  <TestSettings name="本地" id="1702ca55-b2e6-4c19-a36c-a2c662bf31bb">
    <Description>这些设置为本地测试运行的默认测试设置。</Description>
    <Deployment enabled="false" runDeploymentRoot="Administrator_LENOVO-8CF3EC03 2012-04-19 22_40_34">
      <DeploymentItem filename="c:\Documents and Settings\Administrator\My Documents\Visual Studio 2010\Projects\long\long\bin\Debug\@long.exe" />
    </Deployment>
    <Execution>
      <TestTypeSpecific />
      <AgentRule name="Execution Agents">
      </AgentRule>
    </Execution>
  </TestSettings>
  <Times creation="2012-04-19T22:40:34.9218750+08:00" queuing="2012-04-19T22:40:36.5937500+08:00" start="2012-04-19T22:40:36.6093750+08:00" finish="2012-04-19T22:40:37.2968750+08:00" />
  <ResultSummary outcome="Failed">
    <Counters total="10" executed="10" passed="9" error="0" failed="1" timeout="0" aborted="0" inconclusive="0" passedButRunAborted="0" notRunnable="0" notExecuted="0" disconnected="0" warning="0" completed="0" inProgress="0" pending="0" />
  </ResultSummary>
  <TestDefinitions>
    <UnitTest name="TestSimpleFrameAfterSpare" storage="c:\documents and settings\administrator\my documents\visual studio 2010\projects\long\longtest\bin\debug\longtest.dll" id="e0c2c34b-1f3c-d094-2f2a-8ad3016ece9b">
      <Execution id="27fa6e8a-12d9-4a4e-bcd7-128edd22bbce" />
      <TestMethod codeBase="c:/Documents and Settings/Administrator/My Documents/Visual Studio 2010/Projects/long/longTest/bin/Debug/longTest.DLL" adapterTypeName="Microsoft.VisualStudio.TestTools.TestTypes.Unit.UnitTestAdapter, Microsoft.VisualStudio.QualityTools.Tips.UnitTest.Adapter, Version=10.0.0.0, Culture=neutral, PublicKeyToken=b03f5f7f11d50a3a" className="longTest.gameTest, longTest, Version=1.0.0.0, Culture=neutral, PublicKeyToken=null" name="TestSimpleFrameAfterSpare" />
    </UnitTest>
    <UnitTest name="TestFourThrowsNoMark" storage="c:\documents and settings\administrator\my documents\visual studio 2010\projects\long\longtest\bin\debug\longtest.dll" id="a3d98fb8-a6b1-c0c0-4afb-04520b9ab21a">
      <Execution id="81957b3e-8615-41e1-a902-4e394e622ae8" />
      <TestMethod codeBase="c:/Documents and Settings/Administrator/My Documents/Visual Studio 2010/Projects/long/longTest/bin/Debug/longTest.DLL" adapterTypeName="Microsoft.VisualStudio.TestTools.TestTypes.Unit.UnitTestAdapter, Microsoft.VisualStudio.QualityTools.Tips.UnitTest.Adapter, Version=10.0.0.0, Culture=neutral, PublicKeyToken=b03f5f7f11d50a3a" className="longTest.gameTest, longTest, Version=1.0.0.0, Culture=neutral, PublicKeyToken=null" name="TestFourThrowsNoMark" />
    </UnitTest>
    <UnitTest name="TestTwoThrowsNoMark" storage="c:\documents and settings\administrator\my documents\visual studio 2010\projects\long\longtest\bin\debug\longtest.dll" id="24c67a76-bbe9-4fc1-be19-cf6bbf6ff5fa">
      <Execution id="300ce277-e110-489c-a9dd-cf2f5788ad3c" />
      <TestMethod codeBase="c:/Documents and Settings/Administrator/My Documents/Visual Studio 2010/Projects/long/longTest/bin/Debug/longTest.DLL" adapterTypeName="Microsoft.VisualStudio.TestTools.TestTypes.Unit.UnitTestAdapter, Microsoft.VisualStudio.QualityTools.Tips.UnitTest.Adapter, Version=10.0.0.0, Culture=neutral, PublicKeyToken=b03f5f7f11d50a3a" className="longTest.gameTest, longTest, Version=1.0.0.0, Culture=neutral, PublicKeyToken=null" name="TestTwoThrowsNoMark" />
    </UnitTest>
    <UnitTest name="TestTenthFrameSpare" storage="c:\documents and settings\administrator\my documents\visual studio 2010\projects\long\longtest\bin\debug\longtest.dll" id="5a2bc9d9-9ed0-92a0-cda0-1f803901bc5c">
      <Execution id="2339cf8b-e87e-4691-9bd3-1e8b264e6997" />
      <TestMethod codeBase="c:/Documents and Settings/Administrator/My Documents/Visual Studio 2010/Projects/long/longTest/bin/Debug/longTest.DLL" adapterTypeName="Microsoft.VisualStudio.TestTools.TestTypes.Unit.UnitTestAdapter, Microsoft.VisualStudio.QualityTools.Tips.UnitTest.Adapter, Version=10.0.0.0, Culture=neutral, PublicKeyToken=b03f5f7f11d50a3a" className="longTest.gameTest, longTest, Version=1.0.0.0, Culture=neutral, PublicKeyToken=null" name="TestTenthFrameSpare" />
    </UnitTest>
    <UnitTest name="TestPerfectGame" storage="c:\documents and settings\administrator\my documents\visual studio 2010\projects\long\longtest\bin\debug\longtest.dll" id="9d4683a2-462d-019c-ab2c-815c4e464c69">
      <Execution id="31959e4e-3673-4ab4-8560-b74bf94b0ff8" />
      <TestMethod codeBase="c:/Documents and Settings/Administrator/My Documents/Visual Studio 2010/Projects/long/longTest/bin/Debug/longTest.DLL" adapterTypeName="Microsoft.VisualStudio.TestTools.TestTypes.Unit.UnitTestAdapter, Microsoft.VisualStudio.QualityTools.Tips.UnitTest.Adapter, Version=10.0.0.0, Culture=neutral, PublicKeyToken=b03f5f7f11d50a3a" className="longTest.gameTest, longTest, Version=1.0.0.0, Culture=neutral, PublicKeyToken=null" name="TestPerfectGame" />
    </UnitTest>
    <UnitTest name="TesHeartBreak" storage="c:\documents and settings\administrator\my documents\visual studio 2010\projects\long\longtest\bin\debug\longtest.dll" id="f433bf28-b2e4-a98d-0c8b-bcecec262ca6">
      <Execution id="58003ff3-574e-42a3-b298-3b04b48bab58" />
      <TestMethod codeBase="c:/Documents and Settings/Administrator/My Documents/Visual Studio 2010/Projects/long/longTest/bin/Debug/longTest.DLL" adapterTypeName="Microsoft.VisualStudio.TestTools.TestTypes.Unit.UnitTestAdapter, Microsoft.VisualStudio.QualityTools.Tips.UnitTest.Adapter, Version=10.0.0.0, Culture=neutral, PublicKeyToken=b03f5f7f11d50a3a" className="longTest.gameTest, longTest, Version=1.0.0.0, Culture=neutral, PublicKeyToken=null" name="TesHeartBreak" />
    </UnitTest>
    <UnitTest name="TestSampleGame" storage="c:\documents and settings\administrator\my documents\visual studio 2010\projects\long\longtest\bin\debug\longtest.dll" id="09c7ec2e-1330-24e5-f0fd-255e33ad0c37">
      <Execution id="f663d1d0-9633-4a3f-aa2c-a557a0d05352" />
      <TestMethod codeBase="c:/Documents and Settings/Administrator/My Documents/Visual Studio 2010/Projects/long/longTest/bin/Debug/longTest.DLL" adapterTypeName="Microsoft.VisualStudio.TestTools.TestTypes.Unit.UnitTestAdapter, Microsoft.VisualStudio.QualityTools.Tips.UnitTest.Adapter, Version=10.0.0.0, Culture=neutral, PublicKeyToken=b03f5f7f11d50a3a" className="longTest.gameTest, longTest, Version=1.0.0.0, Culture=neutral, PublicKeyToken=null" name="TestSampleGame" />
    </UnitTest>
    <UnitTest name="TestEndOfArray" storage="c:\documents and settings\administrator\my documents\visual studio 2010\projects\long\longtest\bin\debug\longtest.dll" id="64c9a24f-83f2-acd0-85c0-f022e50dda50">
      <Execution id="80f23d58-b827-440b-82fe-e3d6589a5a04" />
      <TestMethod codeBase="c:/Documents and Settings/Administrator/My Documents/Visual Studio 2010/Projects/long/longTest/bin/Debug/longTest.DLL" adapterTypeName="Microsoft.VisualStudio.TestTools.TestTypes.Unit.UnitTestAdapter, Microsoft.VisualStudio.QualityTools.Tips.UnitTest.Adapter, Version=10.0.0.0, Culture=neutral, PublicKeyToken=b03f5f7f11d50a3a" className="longTest.gameTest, longTest, Version=1.0.0.0, Culture=neutral, PublicKeyToken=null" name="TestEndOfArray" />
    </UnitTest>
    <UnitTest name="TestSimpleSpare" storage="c:\documents and settings\administrator\my documents\visual studio 2010\projects\long\longtest\bin\debug\longtest.dll" id="486c8204-6176-7854-7fd5-765251fd96dd">
      <Execution id="b2cb7833-938d-4400-a341-97ae93e01036" />
      <TestMethod codeBase="c:/Documents and Settings/Administrator/My Documents/Visual Studio 2010/Projects/long/longTest/bin/Debug/longTest.DLL" adapterTypeName="Microsoft.VisualStudio.TestTools.TestTypes.Unit.UnitTestAdapter, Microsoft.VisualStudio.QualityTools.Tips.UnitTest.Adapter, Version=10.0.0.0, Culture=neutral, PublicKeyToken=b03f5f7f11d50a3a" className="longTest.gameTest, longTest, Version=1.0.0.0, Culture=neutral, PublicKeyToken=null" name="TestSimpleSpare" />
    </UnitTest>
    <UnitTest name="TestSimpleStrike" storage="c:\documents and settings\administrator\my documents\visual studio 2010\projects\long\longtest\bin\debug\longtest.dll" id="553d1297-df82-a65e-c8d2-6a462b3708f5">
      <Execution id="c59d8f43-d904-4289-81db-28851ee445db" />
      <TestMethod codeBase="c:/Documents and Settings/Administrator/My Documents/Visual Studio 2010/Projects/long/longTest/bin/Debug/longTest.DLL" adapterTypeName="Microsoft.VisualStudio.TestTools.TestTypes.Unit.UnitTestAdapter, Microsoft.VisualStudio.QualityTools.Tips.UnitTest.Adapter, Version=10.0.0.0, Culture=neutral, PublicKeyToken=b03f5f7f11d50a3a" className="longTest.gameTest, longTest, Version=1.0.0.0, Culture=neutral, PublicKeyToken=null" name="TestSimpleStrike" />
    </UnitTest>
  </TestDefinitions>
  <TestLists>
    <TestList name="列表中未列出的结果" id="8c84fa94-04c1-424b-9868-57a2d4851a1d" />
    <TestList name="所有已加载的结果" id="19431567-8539-422a-85d7-44ee4e166bda" />
  </TestLists>
  <TestEntries>
    <TestEntry testId="09c7ec2e-1330-24e5-f0fd-255e33ad0c37" executionId="f663d1d0-9633-4a3f-aa2c-a557a0d05352" testListId="8c84fa94-04c1-424b-9868-57a2d4851a1d" />
    <TestEntry testId="24c67a76-bbe9-4fc1-be19-cf6bbf6ff5fa" executionId="300ce277-e110-489c-a9dd-cf2f5788ad3c" testListId="8c84fa94-04c1-424b-9868-57a2d4851a1d" />
    <TestEntry testId="486c8204-6176-7854-7fd5-765251fd96dd" executionId="b2cb7833-938d-4400-a341-97ae93e01036" testListId="8c84fa94-04c1-424b-9868-57a2d4851a1d" />
    <TestEntry testId="553d1297-df82-a65e-c8d2-6a462b3708f5" executionId="c59d8f43-d904-4289-81db-28851ee445db" testListId="8c84fa94-04c1-424b-9868-57a2d4851a1d" />
    <TestEntry testId="5a2bc9d9-9ed0-92a0-cda0-1f803901bc5c" executionId="2339cf8b-e87e-4691-9bd3-1e8b264e6997" testListId="8c84fa94-04c1-424b-9868-57a2d4851a1d" />
    <TestEntry testId="64c9a24f-83f2-acd0-85c0-f022e50dda50" executionId="80f23d58-b827-440b-82fe-e3d6589a5a04" testListId="8c84fa94-04c1-424b-9868-57a2d4851a1d" />
    <TestEntry testId="9d4683a2-462d-019c-ab2c-815c4e464c69" executionId="31959e4e-3673-4ab4-8560-b74bf94b0ff8" testListId="8c84fa94-04c1-424b-9868-57a2d4851a1d" />
    <TestEntry testId="a3d98fb8-a6b1-c0c0-4afb-04520b9ab21a" executionId="81957b3e-8615-41e1-a902-4e394e622ae8" testListId="8c84fa94-04c1-424b-9868-57a2d4851a1d" />
    <TestEntry testId="e0c2c34b-1f3c-d094-2f2a-8ad3016ece9b" executionId="27fa6e8a-12d9-4a4e-bcd7-128edd22bbce" testListId="8c84fa94-04c1-424b-9868-57a2d4851a1d" />
    <TestEntry testId="f433bf28-b2e4-a98d-0c8b-bcecec262ca6" executionId="58003ff3-574e-42a3-b298-3b04b48bab58" testListId="8c84fa94-04c1-424b-9868-57a2d4851a1d" />
  </TestEntries>
  <Results>
    <UnitTestResult executionId="f663d1d0-9633-4a3f-aa2c-a557a0d05352" testId="09c7ec2e-1330-24e5-f0fd-255e33ad0c37" testName="TestSampleGame" computerName="LENOVO-8CF3EC03" duration="00:00:00.0242785" startTime="2012-04-19T22:40:36.6250000+08:00" endTime="2012-04-19T22:40:37.0312500+08:00" testType="13cdc9d9-ddb5-4fa4-a97d-d965ccfc6d4b" outcome="Passed" testListId="8c84fa94-04c1-424b-9868-57a2d4851a1d" relativeResultsDirectory="f663d1d0-9633-4a3f-aa2c-a557a0d05352">
    </UnitTestResult>
    <UnitTestResult executionId="300ce277-e110-489c-a9dd-cf2f5788ad3c" testId="24c67a76-bbe9-4fc1-be19-cf6bbf6ff5fa" testName="TestTwoThrowsNoMark" computerName="LENOVO-8CF3EC03" duration="00:00:00.0008716" startTime="2012-04-19T22:40:37.0312500+08:00" endTime="2012-04-19T22:40:37.0468750+08:00" testType="13cdc9d9-ddb5-4fa4-a97d-d965ccfc6d4b" outcome="Passed" testListId="8c84fa94-04c1-424b-9868-57a2d4851a1d" relativeResultsDirectory="300ce277-e110-489c-a9dd-cf2f5788ad3c">
    </UnitTestResult>
    <UnitTestResult executionId="b2cb7833-938d-4400-a341-97ae93e01036" testId="486c8204-6176-7854-7fd5-765251fd96dd" testName="TestSimpleSpare" computerName="LENOVO-8CF3EC03" duration="00:00:00.0005715" startTime="2012-04-19T22:40:37.0625000+08:00" endTime="2012-04-19T22:40:37.0625000+08:00" testType="13cdc9d9-ddb5-4fa4-a97d-d965ccfc6d4b" outcome="Passed" testListId="8c84fa94-04c1-424b-9868-57a2d4851a1d" relativeResultsDirectory="b2cb7833-938d-4400-a341-97ae93e01036">
    </UnitTestResult>
    <UnitTestResult executionId="c59d8f43-d904-4289-81db-28851ee445db" testId="553d1297-df82-a65e-c8d2-6a462b3708f5" testName="TestSimpleStrike" computerName="LENOVO-8CF3EC03" duration="00:00:00.0425327" startTime="2012-04-19T22:40:37.0781250+08:00" endTime="2012-04-19T22:40:37.1406250+08:00" testType="13cdc9d9-ddb5-4fa4-a97d-d965ccfc6d4b" outcome="Failed" testListId="8c84fa94-04c1-424b-9868-57a2d4851a1d" relativeResultsDirectory="c59d8f43-d904-4289-81db-28851ee445db">
      <Output>
        <ErrorInfo>
          <Message>Assert.AreEqual 失败。应为: &lt;28&gt;，实际为: &lt;19&gt;。</Message>
          <StackTrace>   在 longTest.gameTest.TestSimpleStrike() 位置 c:\Documents and Settings\Administrator\My Documents\Visual Studio 2010\Projects\long\longTest\gameTest.cs:行号 137
</StackTrace>
        </ErrorInfo>
      </Output>
    </UnitTestResult>
    <UnitTestResult executionId="2339cf8b-e87e-4691-9bd3-1e8b264e6997" testId="5a2bc9d9-9ed0-92a0-cda0-1f803901bc5c" testName="TestTenthFrameSpare" computerName="LENOVO-8CF3EC03" duration="00:00:00.0003578" startTime="2012-04-19T22:40:37.1406250+08:00" endTime="2012-04-19T22:40:37.1562500+08:00" testType="13cdc9d9-ddb5-4fa4-a97d-d965ccfc6d4b" outcome="Passed" testListId="8c84fa94-04c1-424b-9868-57a2d4851a1d" relativeResultsDirectory="2339cf8b-e87e-4691-9bd3-1e8b264e6997">
    </UnitTestResult>
    <UnitTestResult executionId="80f23d58-b827-440b-82fe-e3d6589a5a04" testId="64c9a24f-83f2-acd0-85c0-f022e50dda50" testName="TestEndOfArray" computerName="LENOVO-8CF3EC03" duration="00:00:00.0004014" startTime="2012-04-19T22:40:37.1718750+08:00" endTime="2012-04-19T22:40:37.1718750+08:00" testType="13cdc9d9-ddb5-4fa4-a97d-d965ccfc6d4b" outcome="Passed" testListId="8c84fa94-04c1-424b-9868-57a2d4851a1d" relativeResultsDirectory="80f23d58-b827-440b-82fe-e3d6589a5a04">
    </UnitTestResult>
    <UnitTestResult executionId="31959e4e-3673-4ab4-8560-b74bf94b0ff8" testId="9d4683a2-462d-019c-ab2c-815c4e464c69" testName="TestPerfectGame" computerName="LENOVO-8CF3EC03" duration="00:00:00.0003595" startTime="2012-04-19T22:40:37.1875000+08:00" endTime="2012-04-19T22:40:37.1875000+08:00" testType="13cdc9d9-ddb5-4fa4-a97d-d965ccfc6d4b" outcome="Passed" testListId="8c84fa94-04c1-424b-9868-57a2d4851a1d" relativeResultsDirectory="31959e4e-3673-4ab4-8560-b74bf94b0ff8">
    </UnitTestResult>
    <UnitTestResult executionId="81957b3e-8615-41e1-a902-4e394e622ae8" testId="a3d98fb8-a6b1-c0c0-4afb-04520b9ab21a" testName="TestFourThrowsNoMark" computerName="LENOVO-8CF3EC03" duration="00:00:00.0003804" startTime="2012-04-19T22:40:37.2031250+08:00" endTime="2012-04-19T22:40:37.2187500+08:00" testType="13cdc9d9-ddb5-4fa4-a97d-d965ccfc6d4b" outcome="Passed" testListId="8c84fa94-04c1-424b-9868-57a2d4851a1d" relativeResultsDirectory="81957b3e-8615-41e1-a902-4e394e622ae8">
    </UnitTestResult>
    <UnitTestResult executionId="27fa6e8a-12d9-4a4e-bcd7-128edd22bbce" testId="e0c2c34b-1f3c-d094-2f2a-8ad3016ece9b" testName="TestSimpleFrameAfterSpare" computerName="LENOVO-8CF3EC03" duration="00:00:00.0003916" startTime="2012-04-19T22:40:37.2187500+08:00" endTime="2012-04-19T22:40:37.2343750+08:00" testType="13cdc9d9-ddb5-4fa4-a97d-d965ccfc6d4b" outcome="Passed" testListId="8c84fa94-04c1-424b-9868-57a2d4851a1d" relativeResultsDirectory="27fa6e8a-12d9-4a4e-bcd7-128edd22bbce">
    </UnitTestResult>
    <UnitTestResult executionId="58003ff3-574e-42a3-b298-3b04b48bab58" testId="f433bf28-b2e4-a98d-0c8b-bcecec262ca6" testName="TesHeartBreak" computerName="LENOVO-8CF3EC03" duration="00:00:00.0003332" startTime="2012-04-19T22:40:37.2500000+08:00" endTime="2012-04-19T22:40:37.2500000+08:00" testType="13cdc9d9-ddb5-4fa4-a97d-d965ccfc6d4b" outcome="Passed" testListId="8c84fa94-04c1-424b-9868-57a2d4851a1d" relativeResultsDirectory="58003ff3-574e-42a3-b298-3b04b48bab58">
    </UnitTestResult>
  </Results>
</TestRun>